SF:lib/core/failures.dart
DA:2,10
DA:8,4
DA:15,8
DA:22,1
DA:27,2
DA:28,6
DA:32,6
LF:7
LH:7
end_of_record
SF:lib/core/result.dart
DA:4,20
DA:22,17
DA:26,14
DA:30,28
DA:32,2
DA:33,6
DA:35,2
DA:36,4
DA:38,5
DA:42,10
DA:44,3
DA:47,3
DA:48,9
DA:49,9
DA:51,1
DA:52,2
DA:54,1
DA:55,2
DA:59,15
DA:63,14
DA:67,28
DA:69,2
DA:70,4
DA:72,2
DA:73,4
DA:75,3
DA:79,6
DA:81,2
DA:84,1
DA:85,3
DA:86,3
DA:88,0
DA:89,0
DA:91,0
DA:92,0
LF:35
LH:31
end_of_record
SF:lib/domain/auth/auth_failure.dart
DA:4,1
DA:8,1
DA:10,1
DA:16,1
DA:18,1
DA:23,1
DA:25,2
DA:30,0
DA:32,0
DA:37,1
DA:39,1
DA:44,1
LF:12
LH:10
end_of_record
SF:lib/presentation/auth/auth_guard_provider.dart
DA:10,12
DA:11,0
DA:14,12
DA:15,0
DA:18,16
DA:21,8
DA:22,8
DA:23,4
LF:8
LH:6
end_of_record
SF:lib/ui/auth/auth_gate_screen.dart
DA:10,1
DA:14,2
DA:15,2
DA:21,2
DA:23,2
DA:24,6
DA:25,10
DA:29,2
DA:31,4
DA:32,2
DA:35,2
DA:37,6
DA:40,6
DA:41,2
DA:44,5
DA:48,2
DA:49,3
DA:50,4
DA:51,8
DA:52,2
DA:53,2
DA:55,2
DA:56,2
DA:57,2
DA:59,2
DA:62,2
DA:63,2
DA:66,4
DA:69,2
DA:72,4
DA:75,2
DA:80,6
DA:81,4
DA:86,1
DA:87,0
DA:88,0
DA:89,0
DA:90,0
DA:95,1
DA:96,2
DA:97,2
DA:102,2
DA:108,0
DA:110,2
DA:111,2
DA:112,2
DA:113,2
DA:115,1
DA:117,1
DA:118,1
DA:120,3
DA:121,2
DA:132,2
DA:133,4
DA:134,10
DA:137,1
DA:138,2
DA:139,0
LF:58
LH:52
end_of_record
SF:lib/data/auth/local_auth_service_impl.dart
DA:12,1
DA:13,0
DA:17,1
DA:20,2
DA:21,2
DA:28,1
DA:31,2
DA:67,1
DA:68,2
DA:74,1
DA:75,1
DA:76,1
DA:77,1
DA:78,1
DA:79,1
DA:80,1
LF:16
LH:15
end_of_record
SF:lib/data/auth/secure_pin_auth_service.dart
DA:13,1
DA:22,1
DA:25,2
DA:26,1
DA:32,1
DA:34,2
DA:37,2
DA:39,1
DA:40,1
DA:43,2
DA:44,1
DA:45,1
DA:51,1
DA:53,2
DA:60,2
DA:61,1
DA:62,1
DA:63,2
DA:66,1
DA:67,2
DA:70,2
DA:74,1
DA:75,1
DA:76,3
DA:77,1
DA:80,1
DA:81,2
DA:82,2
LF:28
LH:28
end_of_record
SF:lib/presentation/auth/auth_notifier.dart
DA:9,4
DA:10,4
DA:12,9
DA:21,6
DA:23,6
DA:25,4
DA:26,12
DA:28,4
DA:29,2
DA:30,2
DA:35,12
DA:37,1
DA:38,1
DA:42,4
DA:43,2
DA:45,4
DA:49,2
DA:50,6
DA:51,4
DA:52,2
DA:53,4
DA:54,6
DA:58,3
DA:59,3
DA:60,3
DA:62,9
DA:64,6
DA:65,2
DA:66,2
DA:73,3
DA:74,4
DA:75,2
DA:76,2
DA:77,2
DA:78,2
DA:79,2
DA:81,3
DA:86,6
DA:87,3
DA:89,3
DA:91,2
DA:94,3
DA:98,2
DA:99,2
DA:100,4
DA:101,4
DA:104,6
LF:47
LH:47
end_of_record
SF:lib/presentation/auth/auth_state.dart
DA:4,3
DA:8,1
DA:12,3
DA:18,1
DA:22,2
LF:5
LH:5
end_of_record
SF:lib/data/datasources/remote/binance/binance_websocket_client.dart
DA:17,1
DA:20,0
DA:24,0
DA:25,0
DA:26,0
DA:27,0
DA:29,0
DA:33,1
DA:34,3
DA:36,1
DA:38,1
DA:39,1
DA:40,3
DA:41,4
DA:42,3
DA:46,1
DA:48,1
DA:49,1
DA:50,3
DA:51,0
DA:52,0
DA:56,1
DA:58,1
DA:59,1
DA:60,4
DA:61,0
DA:62,0
DA:66,1
DA:72,2
DA:75,1
DA:76,1
DA:77,1
DA:78,2
DA:82,2
DA:83,1
DA:85,1
DA:86,2
DA:87,1
DA:88,2
DA:89,1
DA:90,2
DA:91,0
DA:92,0
DA:93,0
DA:94,0
DA:95,0
DA:96,0
DA:97,0
DA:98,0
DA:99,0
DA:100,0
DA:103,3
DA:104,1
DA:107,1
DA:110,1
DA:111,1
DA:113,2
DA:114,2
DA:115,2
DA:116,2
DA:117,3
DA:118,2
DA:119,1
DA:120,1
DA:126,1
DA:127,1
DA:128,3
DA:129,1
DA:130,1
DA:131,3
DA:132,1
DA:133,3
DA:136,1
DA:137,1
DA:138,2
DA:139,2
DA:143,1
DA:144,1
DA:145,2
DA:146,2
DA:147,1
DA:148,1
DA:149,1
DA:152,2
LF:84
LH:64
end_of_record
SF:lib/domain/entities/order_book.dart
DA:2,11
DA:7,0
DA:9,2
DA:12,14
DA:14,0
DA:15,0
DA:17,0
DA:18,0
DA:22,14
DA:32,12
DA:34,12
DA:36,2
DA:37,2
DA:38,2
DA:40,2
DA:43,3
DA:46,1
DA:47,3
DA:48,3
DA:49,3
DA:51,1
DA:52,4
DA:54,1
DA:56,6
LF:24
LH:19
end_of_record
SF:lib/domain/entities/symbol.dart
DA:4,17
DA:10,34
DA:11,34
DA:12,17
DA:13,1
DA:15,17
DA:16,1
DA:22,34
DA:23,1
DA:29,17
DA:30,1
DA:32,17
DA:33,1
DA:39,34
DA:40,1
DA:46,17
DA:50,3
DA:54,17
DA:66,28
DA:68,8
DA:71,3
DA:72,9
DA:73,9
DA:74,9
DA:75,6
DA:77,4
DA:78,20
DA:80,0
DA:81,0
LF:29
LH:27
end_of_record
SF:lib/domain/entities/ticker.dart
DA:4,16
DA:14,16
DA:15,32
DA:16,2
DA:20,16
DA:21,16
DA:22,16
DA:23,16
DA:24,16
DA:25,16
DA:27,16
DA:39,16
DA:59,8
DA:61,5
DA:64,3
DA:65,9
DA:66,9
DA:67,9
DA:68,9
DA:69,9
DA:70,9
DA:71,9
DA:72,9
DA:74,1
DA:75,1
DA:76,1
DA:77,1
DA:78,1
DA:79,1
DA:80,1
DA:81,1
DA:82,1
DA:83,1
DA:86,1
DA:87,4
LF:35
LH:35
end_of_record
SF:lib/domain/entities/trade.dart
DA:4,14
DA:18,0
DA:20,2
DA:23,2
DA:24,6
DA:25,6
DA:26,6
DA:27,6
DA:28,6
DA:30,0
DA:31,0
DA:33,1
DA:34,6
LF:13
LH:10
end_of_record
SF:lib/presentation/theme/theme_provider.dart
DA:11,8
DA:12,4
DA:13,4
DA:15,2
DA:16,4
DA:17,4
DA:21,8
DA:22,4
DA:23,8
DA:26,2
DA:27,2
DA:28,2
DA:29,3
DA:35,4
DA:43,3
DA:47,3
DA:48,3
DA:49,3
DA:53,1
DA:56,1
DA:57,3
DA:58,3
DA:61,0
DA:62,0
DA:67,8
DA:70,1
DA:71,3
DA:75,3
DA:76,9
DA:79,9
DA:83,1
DA:84,3
DA:88,3
DA:89,9
DA:92,9
LF:35
LH:33
end_of_record
SF:lib/ui/screens/portfolio_screen.dart
DA:14,1
DA:16,2
DA:18,2
DA:19,2
DA:20,4
DA:22,2
DA:23,4
DA:24,2
DA:26,2
DA:27,2
DA:28,2
DA:29,2
DA:30,2
DA:31,2
DA:38,2
DA:40,2
DA:41,2
DA:42,2
DA:43,2
DA:47,2
DA:49,2
DA:51,2
DA:53,2
DA:55,2
DA:67,2
DA:72,2
DA:73,2
DA:75,2
DA:77,2
DA:78,2
DA:79,2
DA:82,2
DA:83,2
DA:84,2
DA:85,2
DA:86,2
DA:87,2
DA:88,2
DA:97,2
DA:99,2
DA:100,2
DA:102,6
DA:104,4
DA:108,2
DA:109,4
DA:112,6
DA:113,4
DA:114,2
DA:121,2
DA:123,1
DA:124,4
DA:128,2
DA:129,4
DA:132,1
DA:133,3
DA:134,1
DA:141,2
DA:142,2
DA:144,8
DA:145,6
DA:146,2
DA:152,2
DA:153,2
DA:155,2
DA:158,2
DA:159,2
DA:160,2
DA:161,2
DA:163,6
DA:165,4
DA:169,4
DA:172,2
DA:174,6
DA:176,4
DA:187,2
DA:188,2
DA:189,2
DA:191,2
DA:193,2
DA:194,2
DA:195,2
DA:197,2
DA:199,6
DA:207,2
DA:209,6
DA:217,2
DA:219,6
DA:222,4
DA:230,2
DA:231,2
DA:233,2
DA:235,2
DA:236,2
DA:238,6
DA:239,4
DA:240,2
DA:244,2
DA:246,6
DA:247,4
DA:248,2
DA:256,2
DA:274,2
DA:275,2
DA:276,2
DA:277,2
DA:279,2
DA:280,2
DA:289,2
DA:294,2
DA:296,2
DA:298,2
DA:309,2
DA:311,2
DA:312,4
DA:314,2
DA:317,2
DA:321,2
DA:322,2
DA:324,2
DA:326,2
DA:327,2
DA:329,6
DA:330,4
DA:331,2
DA:335,2
DA:336,0
DA:337,2
DA:342,2
DA:344,6
DA:345,4
DA:355,2
DA:356,2
DA:357,2
DA:358,2
DA:359,2
DA:361,2
DA:362,2
DA:372,2
DA:375,2
DA:385,2
DA:388,2
DA:398,2
DA:403,2
DA:404,2
DA:405,2
DA:406,2
DA:407,4
DA:409,4
DA:413,2
DA:414,2
DA:415,6
DA:416,6
DA:417,6
DA:418,2
DA:426,2
DA:432,2
DA:434,2
DA:436,2
DA:437,2
DA:438,2
DA:439,2
DA:440,2
DA:441,2
DA:444,2
DA:445,4
DA:446,2
DA:447,4
DA:450,2
DA:451,2
DA:453,4
DA:462,2
DA:467,2
DA:469,2
DA:470,2
DA:471,2
DA:473,2
DA:474,2
DA:475,2
DA:476,2
DA:479,2
DA:480,4
DA:481,2
DA:482,4
DA:485,2
DA:487,2
DA:488,2
DA:491,2
DA:494,2
DA:495,2
DA:496,2
DA:503,2
DA:504,2
DA:505,6
DA:509,2
LF:194
LH:193
end_of_record
SF:lib/ui/widgets/portfolio/allocation_bar.dart
DA:6,2
DA:19,2
DA:23,2
DA:25,10
DA:26,2
DA:28,2
DA:30,2
DA:31,2
DA:32,2
DA:33,2
DA:34,2
DA:35,2
DA:36,2
DA:37,8
DA:38,4
LF:15
LH:15
end_of_record
SF:lib/ui/widgets/portfolio/exchange_card.dart
DA:8,2
DA:31,2
DA:36,2
DA:38,2
DA:39,2
DA:40,6
DA:41,2
DA:42,2
DA:44,2
DA:45,2
DA:46,2
DA:47,2
DA:49,2
DA:50,2
DA:51,2
DA:52,4
DA:54,2
DA:55,2
DA:56,2
DA:59,2
DA:60,4
DA:61,2
DA:64,2
DA:65,4
DA:66,6
DA:67,4
DA:74,2
DA:75,2
DA:77,2
DA:78,2
DA:79,2
DA:80,2
DA:81,4
DA:82,6
DA:84,4
DA:88,4
DA:89,2
DA:92,2
DA:95,2
DA:96,2
DA:97,2
DA:108,2
DA:109,4
DA:110,6
DA:111,4
DA:112,2
DA:118,2
DA:120,2
DA:121,2
DA:122,4
DA:123,6
DA:126,4
DA:130,2
DA:131,14
DA:132,6
LF:55
LH:55
end_of_record
SF:lib/ui/widgets/portfolio/position_tile.dart
DA:6,2
DA:37,2
DA:42,2
DA:44,2
DA:46,2
DA:47,2
DA:48,2
DA:50,2
DA:51,2
DA:52,2
DA:55,2
DA:56,4
DA:57,2
DA:60,2
DA:61,4
DA:62,6
DA:63,4
DA:70,2
DA:71,2
DA:73,2
DA:74,2
DA:75,2
DA:76,2
DA:77,4
DA:78,6
DA:80,4
DA:84,2
DA:89,2
DA:90,4
DA:91,2
DA:93,2
DA:94,4
DA:95,6
DA:96,4
DA:99,2
DA:106,2
DA:107,10
DA:108,6
DA:109,4
DA:116,2
DA:118,2
DA:119,2
DA:120,4
DA:121,6
DA:125,4
DA:129,2
DA:130,4
DA:131,6
DA:135,4
LF:49
LH:49
end_of_record
SF:lib/presentation/theme/app_theme.dart
DA:38,15
DA:39,15
DA:42,15
DA:44,15
DA:58,15
DA:60,15
DA:72,3
DA:73,3
DA:76,3
DA:79,3
DA:83,3
DA:97,3
DA:99,3
DA:110,15
DA:114,30
DA:116,15
DA:118,15
DA:120,15
DA:121,15
DA:122,15
DA:123,15
DA:124,30
DA:125,30
DA:126,15
DA:128,15
DA:129,15
DA:130,15
DA:133,15
DA:135,15
DA:136,15
DA:138,15
DA:139,15
DA:140,30
DA:143,15
DA:145,15
DA:146,15
DA:147,15
DA:148,30
DA:150,15
DA:151,15
DA:152,30
DA:154,15
DA:155,15
DA:156,30
DA:163,15
DA:164,15
DA:165,15
DA:166,15
DA:167,30
DA:169,15
DA:172,15
DA:173,15
DA:174,15
DA:175,30
DA:176,15
DA:179,15
DA:180,15
DA:181,15
DA:182,15
DA:183,30
DA:190,1
DA:191,1
DA:200,1
DA:201,1
DA:209,15
DA:215,15
DA:216,15
DA:219,30
DA:223,15
DA:226,30
DA:230,15
DA:233,30
DA:237,15
DA:240,30
DA:244,15
DA:247,30
DA:251,15
DA:254,30
DA:258,15
DA:261,30
DA:265,15
DA:271,15
DA:277,15
DA:283,15
DA:286,15
DA:290,15
DA:296,15
DA:299,15
LF:88
LH:88
end_of_record
SF:lib/presentation/theme/theme_extensions.dart
DA:9,15
DA:36,0
DA:45,0
DA:46,0
DA:47,0
DA:48,0
DA:49,0
DA:50,0
DA:51,0
DA:55,2
DA:57,2
DA:58,2
DA:59,6
DA:60,6
DA:61,6
DA:62,6
DA:63,6
DA:64,6
LF:18
LH:10
end_of_record
SF:lib/ui/widgets/portfolio/equity_curve.dart
DA:11,2
DA:13,2
DA:14,2
DA:28,2
DA:29,2
DA:30,2
DA:31,0
DA:32,0
DA:33,0
DA:34,0
DA:37,2
DA:39,4
DA:40,16
DA:41,6
DA:46,2
DA:48,2
DA:49,2
DA:50,2
DA:51,2
DA:53,2
DA:55,2
DA:56,2
DA:57,2
DA:58,4
DA:61,2
DA:62,2
DA:63,2
DA:65,2
DA:66,2
DA:69,2
DA:71,4
DA:72,4
DA:74,14
DA:77,14
DA:79,2
DA:80,2
DA:87,2
DA:89,2
DA:96,2
DA:99,2
DA:100,4
DA:101,4
DA:102,2
DA:104,2
DA:105,2
DA:107,0
DA:110,2
DA:120,2
DA:130,2
DA:132,2
DA:133,2
DA:134,2
DA:136,2
DA:137,2
DA:138,2
DA:139,2
DA:141,2
DA:142,2
DA:143,2
DA:145,2
DA:146,6
DA:148,2
DA:149,2
DA:150,6
DA:154,6
LF:65
LH:60
end_of_record
SF:lib/ui/screens/exchange_detail_screen.dart
DA:15,2
DA:19,6
DA:27,4
DA:28,2
DA:33,4
DA:35,2
DA:40,4
DA:42,2
DA:47,4
DA:49,2
DA:54,4
DA:58,6
DA:88,2
DA:90,2
DA:91,2
DA:92,2
DA:94,2
DA:95,4
DA:96,2
DA:98,2
DA:99,2
DA:100,2
DA:101,2
DA:102,2
DA:103,2
DA:109,2
DA:111,2
DA:112,2
DA:113,2
DA:114,0
DA:117,2
DA:118,2
DA:123,2
DA:125,2
DA:126,2
DA:127,2
DA:128,2
DA:134,2
DA:135,2
DA:145,2
DA:147,2
DA:149,2
DA:151,4
DA:163,2
DA:164,2
DA:166,2
DA:168,2
DA:169,0
DA:170,2
DA:171,2
DA:173,2
DA:175,2
DA:176,2
DA:179,4
DA:182,2
DA:184,6
DA:186,4
DA:197,2
DA:198,2
DA:200,2
DA:202,6
DA:204,4
DA:205,2
DA:211,2
DA:212,2
DA:214,2
DA:215,2
DA:216,2
DA:217,2
DA:218,4
DA:220,2
DA:221,2
DA:222,6
DA:223,2
DA:229,2
DA:230,2
DA:231,6
DA:232,0
LF:78
LH:75
end_of_record
SF:lib/ui/widgets/exchange_detail/api_status_banner.dart
DA:6,2
DA:15,2
DA:17,2
DA:18,2
DA:19,2
DA:21,2
DA:23,2
DA:24,2
DA:25,2
DA:26,4
DA:28,2
DA:29,2
DA:30,2
DA:33,2
DA:34,2
DA:36,2
DA:37,2
DA:38,2
DA:39,2
DA:47,2
DA:48,2
DA:49,6
DA:51,2
DA:53,2
DA:57,2
DA:58,2
DA:59,6
DA:61,4
LF:28
LH:28
end_of_record
SF:lib/ui/widgets/exchange_detail/asset_balance_tile.dart
DA:6,2
DA:22,2
DA:26,2
DA:28,2
DA:29,2
DA:31,2
DA:33,2
DA:34,2
DA:35,2
DA:38,2
DA:39,4
DA:40,2
DA:41,4
DA:44,2
DA:45,4
DA:46,6
DA:50,4
DA:55,2
DA:56,2
DA:57,2
DA:58,2
DA:60,2
DA:61,2
DA:62,4
DA:63,6
DA:65,4
DA:68,2
DA:69,4
DA:70,6
DA:73,4
DA:79,2
DA:80,2
DA:81,2
DA:82,2
DA:84,2
DA:85,2
DA:86,2
DA:88,2
DA:90,6
DA:91,2
DA:92,2
DA:93,4
DA:94,2
DA:101,2
DA:103,2
DA:104,8
DA:106,6
DA:108,4
LF:48
LH:48
end_of_record
SF:lib/ui/widgets/exchange_detail/balance_card.dart
DA:4,2
DA:9,2
DA:11,2
DA:13,2
DA:15,2
DA:16,2
DA:17,2
DA:18,4
DA:20,2
DA:22,2
DA:23,2
DA:24,2
DA:25,6
DA:26,4
DA:27,2
DA:31,2
DA:34,2
DA:35,2
DA:36,6
DA:39,4
DA:41,4
LF:21
LH:21
end_of_record
SF:lib/ui/widgets/exchange_detail/pnl_card.dart
DA:4,2
DA:17,2
DA:19,2
DA:21,2
DA:23,2
DA:24,2
DA:25,2
DA:26,4
DA:28,2
DA:30,2
DA:31,2
DA:32,2
DA:33,6
DA:34,4
DA:35,2
DA:39,2
DA:42,2
DA:43,2
DA:44,6
DA:47,4
DA:49,2
DA:54,2
DA:55,2
DA:56,6
DA:58,2
LF:25
LH:25
end_of_record
SF:lib/ui/widgets/exchange_detail/trade_history_list.dart
DA:6,1
DA:26,2
DA:30,2
DA:32,2
DA:34,2
DA:35,2
DA:36,2
DA:37,2
DA:38,4
DA:40,4
DA:44,2
DA:45,2
DA:46,8
DA:47,8
DA:48,8
DA:49,2
DA:57,2
DA:61,2
DA:63,2
DA:64,2
DA:65,6
DA:67,2
DA:68,2
DA:70,2
DA:72,2
DA:73,2
DA:74,2
DA:76,2
DA:77,2
DA:78,2
DA:80,2
DA:81,4
DA:82,6
DA:85,2
DA:92,2
DA:93,2
DA:95,2
DA:96,2
DA:97,4
DA:98,6
DA:100,4
DA:104,2
DA:105,14
DA:106,6
DA:108,4
DA:115,2
DA:117,2
DA:118,2
DA:119,4
DA:120,6
DA:123,4
DA:127,2
DA:128,4
DA:129,6
DA:131,4
LF:55
LH:55
end_of_record
SF:lib/ui/widgets/exchange_detail/venue_chip_row.dart
DA:7,2
DA:16,2
DA:18,2
DA:20,2
DA:22,2
DA:23,4
DA:24,4
DA:25,2
DA:27,2
DA:29,2
DA:30,2
DA:32,4
DA:34,6
DA:35,4
DA:37,6
DA:38,2
DA:39,0
DA:42,2
DA:49,2
DA:65,2
DA:67,2
DA:69,2
DA:70,2
DA:71,2
DA:72,2
DA:74,2
DA:75,2
DA:76,2
DA:77,4
DA:79,2
DA:80,2
DA:81,6
DA:82,2
LF:33
LH:32
end_of_record
SF:lib/ui/widgets/exchange_detail/venue_header.dart
DA:7,2
DA:18,2
DA:20,2
DA:21,4
DA:23,2
DA:25,2
DA:26,2
DA:27,2
DA:28,2
DA:31,2
DA:33,2
DA:37,2
DA:38,4
DA:39,6
DA:42,4
DA:44,4
DA:48,2
DA:49,6
DA:50,6
DA:52,4
DA:59,2
DA:60,2
DA:61,6
DA:62,4
DA:63,2
LF:25
LH:25
end_of_record
SF:lib/ui/widgets/exchange_detail/venue_style.dart
DA:5,2
DA:7,2
DA:8,2
DA:9,2
DA:10,2
DA:11,2
DA:15,0
DA:16,0
DA:19,0
DA:21,0
DA:22,0
DA:23,0
DA:24,0
DA:25,0
LF:14
LH:6
end_of_record
SF:lib/ui/screens/compare_screen.dart
DA:13,1
DA:15,2
DA:16,2
DA:23,2
DA:25,2
DA:26,2
DA:28,2
DA:29,2
DA:30,4
DA:33,2
DA:34,2
DA:35,2
DA:36,2
DA:37,2
DA:39,2
DA:41,2
DA:42,2
DA:44,2
DA:45,2
DA:46,0
DA:47,0
DA:51,2
DA:52,2
DA:53,1
DA:54,3
DA:58,2
DA:60,2
DA:62,6
DA:63,2
DA:64,2
DA:65,2
DA:66,2
DA:75,2
DA:76,2
DA:78,2
DA:80,2
DA:81,2
DA:83,6
DA:85,4
DA:88,2
DA:89,6
DA:90,6
DA:91,4
DA:98,2
DA:99,2
DA:102,2
DA:103,2
DA:104,2
DA:105,4
DA:106,4
DA:107,2
DA:113,2
DA:114,4
DA:115,6
DA:116,6
DA:118,2
DA:119,2
DA:120,2
DA:122,2
DA:123,2
DA:126,2
DA:128,2
DA:129,2
DA:135,2
DA:136,2
DA:138,2
DA:139,6
DA:140,8
DA:141,6
DA:142,2
DA:150,2
DA:160,2
DA:162,2
DA:163,2
DA:164,7
DA:166,2
DA:168,2
DA:169,2
DA:172,2
DA:173,2
DA:174,2
DA:178,2
DA:179,2
DA:180,6
DA:182,4
DA:186,2
DA:187,10
DA:188,6
LF:88
LH:86
end_of_record
SF:lib/ui/widgets/compare/compare_chart.dart
DA:9,2
DA:13,2
DA:15,2
DA:16,2
DA:17,2
DA:19,2
DA:21,2
DA:22,2
DA:23,2
DA:24,4
DA:27,2
DA:29,2
DA:30,2
DA:32,2
DA:33,2
DA:34,2
DA:35,2
DA:38,2
DA:39,2
DA:40,4
DA:42,2
DA:44,4
DA:48,2
DA:49,2
DA:50,2
DA:51,2
DA:52,8
DA:53,8
DA:56,4
DA:60,2
DA:70,2
DA:71,4
DA:72,12
DA:75,2
DA:76,4
DA:78,4
DA:79,4
DA:80,2
DA:83,8
DA:86,2
DA:87,4
DA:89,4
DA:90,4
DA:91,2
DA:94,8
DA:97,2
DA:98,6
DA:99,2
DA:100,4
LF:49
LH:49
end_of_record
SF:lib/ui/widgets/compare/symbol_selector.dart
DA:8,3
DA:17,3
DA:19,3
DA:20,3
DA:21,3
DA:23,3
DA:25,3
DA:26,3
DA:27,3
DA:28,3
DA:30,3
DA:32,18
DA:33,2
DA:43,1
DA:44,2
DA:45,1
DA:46,4
DA:49,1
DA:50,2
DA:51,1
DA:55,2
DA:56,1
DA:59,0
DA:60,0
DA:63,2
DA:68,3
DA:82,3
DA:84,3
DA:86,3
DA:87,12
DA:88,15
DA:89,3
DA:90,3
DA:91,3
DA:92,3
DA:93,3
DA:95,3
DA:96,3
DA:97,3
DA:98,15
DA:101,3
DA:102,6
DA:103,9
DA:104,9
LF:44
LH:42
end_of_record
SF:lib/ui/widgets/compare/compare_models.dart
DA:8,1
DA:22,2
DA:60,2
DA:65,6
DA:66,2
DA:69,2
DA:70,8
DA:71,2
DA:72,2
DA:74,4
DA:75,2
DA:76,6
DA:77,4
DA:80,2
DA:81,12
DA:83,2
DA:84,6
DA:85,12
DA:88,2
DA:90,10
DA:91,2
DA:94,8
DA:95,8
DA:96,2
DA:98,2
DA:102,8
DA:103,4
DA:108,2
DA:109,4
DA:110,4
DA:112,8
DA:114,10
DA:115,10
DA:121,6
DA:122,4
DA:123,4
DA:124,4
DA:125,4
DA:126,4
DA:129,4
DA:130,4
DA:133,2
DA:134,2
DA:135,6
DA:136,12
DA:142,2
DA:143,16
LF:47
LH:47
end_of_record
SF:lib/ui/widgets/compare/compare_stats_table.dart
DA:8,2
DA:12,2
DA:14,2
DA:15,2
DA:16,2
DA:18,2
DA:19,2
DA:20,2
DA:21,2
DA:22,4
DA:25,2
DA:26,2
DA:27,2
DA:28,8
DA:29,2
DA:31,4
DA:33,8
DA:40,2
DA:41,2
DA:43,2
DA:45,2
DA:46,6
DA:48,2
DA:49,2
DA:50,2
DA:51,2
DA:53,6
DA:54,4
DA:55,2
DA:59,2
DA:60,2
DA:63,6
DA:64,4
DA:65,2
DA:69,2
DA:70,2
DA:73,6
DA:74,4
DA:75,2
DA:84,2
DA:90,2
DA:92,2
DA:94,2
DA:95,2
DA:98,4
DA:101,2
DA:102,2
DA:103,2
DA:104,2
DA:105,4
DA:106,6
DA:108,4
DA:112,2
DA:113,2
DA:114,10
DA:116,6
DA:118,4
DA:119,2
DA:120,1
DA:124,2
DA:125,2
DA:126,6
DA:128,6
DA:130,4
LF:64
LH:64
end_of_record
SF:lib/ui/widgets/compare/stat_card.dart
DA:7,2
DA:18,2
DA:20,2
DA:21,2
DA:22,2
DA:24,2
DA:25,2
DA:27,2
DA:28,2
DA:29,2
DA:30,4
DA:32,2
DA:34,2
DA:35,2
DA:36,2
DA:37,6
DA:38,4
DA:39,2
DA:43,2
DA:44,2
DA:45,6
DA:48,2
LF:22
LH:22
end_of_record
SF:lib/ui/widgets/compare/time_range_selector.dart
DA:8,2
DA:17,2
DA:19,2
DA:20,2
DA:21,2
DA:23,2
DA:25,2
DA:26,2
DA:27,2
DA:28,2
DA:30,2
DA:31,2
DA:32,4
DA:33,3
DA:45,2
DA:59,2
DA:61,2
DA:63,2
DA:64,6
DA:65,2
DA:66,2
DA:67,2
DA:68,2
DA:69,2
DA:71,2
DA:72,2
DA:73,2
DA:74,10
DA:77,2
DA:78,2
DA:79,6
DA:80,10
LF:32
LH:32
end_of_record
SF:lib/domain/auth/exchange_credentials.dart
DA:4,4
DA:16,0
DA:22,0
DA:23,0
DA:24,0
DA:25,0
DA:26,0
DA:30,1
DA:31,1
DA:32,2
DA:33,1
DA:34,1
DA:35,1
DA:39,1
DA:40,1
DA:41,1
DA:42,3
DA:43,3
DA:46,1
DA:48,1
DA:49,1
DA:50,1
DA:54,3
DA:57,1
DA:58,3
DA:59,3
DA:60,3
DA:61,3
DA:62,3
DA:64,0
DA:65,0
DA:67,1
DA:69,3
DA:70,4
DA:71,1
DA:74,1
DA:75,2
DA:76,5
LF:38
LH:30
end_of_record
SF:lib/presentation/exchange/exchange_credentials_provider.dart
DA:11,0
DA:12,0
DA:15,0
DA:18,0
DA:21,6
DA:22,3
DA:23,0
DA:24,0
DA:26,0
DA:32,6
DA:33,3
DA:36,3
DA:37,6
DA:38,3
LF:14
LH:7
end_of_record
SF:lib/ui/screens/exchange_detail_edit_screen.dart
DA:11,2
DA:15,2
DA:17,2
DA:28,2
DA:30,2
DA:31,4
DA:32,4
DA:33,6
DA:34,2
DA:38,2
DA:39,6
DA:40,6
DA:41,2
DA:42,2
DA:43,0
DA:44,0
DA:45,0
DA:46,0
DA:47,0
DA:48,0
DA:50,2
DA:51,6
DA:54,0
DA:55,0
DA:60,2
DA:62,4
DA:63,4
DA:64,2
DA:67,2
DA:69,2
DA:70,2
DA:71,6
DA:73,2
DA:74,2
DA:75,10
DA:76,2
DA:77,2
DA:78,4
DA:81,2
DA:82,2
DA:84,2
DA:86,2
DA:87,2
DA:89,2
DA:90,2
DA:92,2
DA:93,2
DA:103,2
DA:104,2
DA:105,2
DA:108,2
DA:109,2
DA:110,2
DA:114,1
DA:115,2
DA:116,2
DA:121,2
DA:127,2
DA:128,2
DA:129,0
DA:130,0
DA:133,2
DA:135,6
DA:136,2
DA:142,2
DA:144,2
DA:145,3
DA:146,2
DA:159,2
DA:160,0
DA:162,0
DA:165,2
DA:166,0
DA:168,0
DA:171,2
DA:172,2
DA:174,2
DA:175,2
DA:176,2
DA:178,2
DA:180,2
DA:182,4
DA:184,2
DA:185,4
DA:197,2
DA:198,2
DA:200,2
DA:201,2
DA:202,2
DA:203,4
DA:205,2
DA:207,2
DA:208,4
DA:210,2
DA:211,2
DA:213,2
DA:214,2
DA:216,6
DA:221,2
DA:224,6
DA:225,2
DA:236,0
DA:237,0
DA:239,0
DA:240,0
DA:241,0
DA:243,0
DA:244,0
DA:245,0
DA:247,0
DA:249,0
DA:256,2
DA:257,6
DA:258,3
DA:261,1
DA:262,1
DA:263,2
DA:264,3
DA:265,3
DA:266,1
DA:269,1
DA:270,3
DA:271,1
DA:272,1
DA:273,3
DA:274,1
DA:275,3
DA:276,5
DA:279,3
DA:283,0
DA:284,0
DA:285,0
DA:286,0
DA:287,0
DA:288,0
DA:291,0
DA:292,0
DA:293,0
DA:296,1
DA:297,3
DA:299,1
DA:300,1
DA:301,2
DA:303,2
DA:305,3
DA:307,1
DA:308,1
DA:309,0
DA:312,1
DA:313,3
DA:314,3
DA:320,2
DA:322,1
DA:323,3
DA:324,3
DA:325,1
DA:326,3
DA:327,1
DA:328,3
DA:329,5
DA:332,3
LF:161
LH:127
end_of_record
SF:lib/data/datasources/local/secure_credentials_store.dart
DA:19,1
DA:26,3
DA:28,1
DA:30,2
DA:31,4
DA:34,1
DA:36,3
DA:37,1
DA:40,1
DA:41,1
DA:42,1
DA:44,1
DA:46,0
DA:48,0
DA:53,1
DA:55,3
DA:58,1
DA:60,2
DA:61,1
DA:63,2
DA:64,2
DA:65,2
DA:68,2
DA:69,2
DA:70,1
DA:72,0
LF:26
LH:23
end_of_record
SF:lib/data/datasources/remote/exchange_connection_checker_impl.dart
DA:13,0
DA:14,0
DA:18,0
DA:20,0
DA:21,0
DA:22,0
DA:23,0
DA:24,0
DA:26,0
DA:32,0
DA:34,0
DA:36,0
DA:37,0
DA:38,0
DA:39,0
DA:42,0
DA:44,0
DA:47,0
DA:51,0
DA:52,0
DA:54,0
DA:55,0
DA:56,0
DA:57,0
DA:61,0
DA:63,0
DA:66,0
DA:67,0
DA:69,0
DA:73,0
DA:75,0
DA:76,0
DA:83,0
DA:87,0
DA:88,0
DA:90,0
DA:91,0
DA:92,0
DA:93,0
DA:97,0
DA:98,0
DA:99,0
DA:100,0
DA:101,0
DA:102,0
LF:45
LH:0
end_of_record
SF:lib/data/repositories/exchange_credentials_repository_impl.dart
DA:11,0
DA:19,0
DA:22,0
DA:24,0
DA:25,0
DA:29,0
DA:32,0
DA:33,0
DA:34,0
DA:35,0
DA:39,0
DA:42,0
DA:44,0
DA:45,0
DA:49,0
DA:52,0
DA:53,0
DA:54,0
DA:55,0
DA:59,0
DA:61,0
DA:65,0
DA:70,1
LF:23
LH:1
end_of_record
SF:lib/presentation/exchange/exchange_credentials_notifier.dart
DA:10,3
DA:11,3
DA:12,3
DA:17,0
DA:19,3
DA:20,3
DA:21,6
DA:22,3
DA:23,3
DA:24,3
DA:25,6
DA:27,3
DA:31,2
DA:32,4
DA:33,2
DA:34,4
DA:35,6
DA:39,2
DA:40,4
DA:41,2
DA:42,4
DA:43,6
DA:47,1
DA:48,4
DA:49,2
DA:50,1
DA:51,1
DA:52,4
DA:54,1
DA:55,2
DA:56,2
DA:63,1
DA:64,1
DA:65,1
DA:66,0
DA:67,1
DA:68,1
DA:69,1
LF:38
LH:36
end_of_record
SF:lib/presentation/exchange/exchange_credentials_state.dart
DA:5,3
DA:9,1
DA:13,3
DA:19,2
DA:25,1
DA:31,1
DA:37,1
LF:7
LH:7
end_of_record
SF:lib/domain/entities/candle.dart
DA:2,10
DA:18,0
DA:20,0
DA:22,0
DA:24,2
DA:27,2
DA:28,6
DA:29,6
DA:30,6
DA:31,6
DA:32,6
DA:33,6
DA:35,0
DA:36,0
DA:38,0
DA:40,0
LF:16
LH:9
end_of_record
SF:lib/presentation/providers/repository_provider.dart
DA:31,1
DA:33,0
DA:52,0
DA:53,0
DA:55,0
DA:58,0
DA:59,0
DA:65,0
DA:67,0
DA:68,0
DA:71,9
DA:72,0
DA:73,0
DA:75,0
DA:76,0
DA:78,0
DA:79,0
DA:80,0
DA:81,0
DA:83,0
DA:87,0
DA:88,0
DA:93,0
DA:95,0
DA:100,0
DA:102,0
DA:107,0
DA:109,0
DA:114,0
LF:29
LH:2
end_of_record
SF:lib/ui/screens/trading_terminal_screen.dart
DA:23,2
DA:27,2
DA:29,2
DA:30,4
DA:31,4
DA:32,4
DA:33,6
DA:34,2
DA:35,6
DA:37,2
DA:39,2
DA:40,2
DA:41,2
DA:42,2
DA:43,2
DA:45,2
DA:49,2
DA:55,2
DA:57,2
DA:61,2
DA:77,2
DA:89,2
DA:91,2
DA:93,2
DA:94,4
DA:95,2
DA:96,2
DA:98,2
DA:99,1
DA:100,1
DA:102,0
DA:103,0
DA:104,0
DA:105,0
DA:107,0
DA:108,0
DA:109,0
DA:110,0
DA:118,2
DA:123,2
DA:125,2
DA:127,2
DA:128,6
DA:130,4
LF:44
LH:36
end_of_record
SF:lib/ui/widgets/trading_terminal/candlestick_chart.dart
DA:12,2
DA:21,2
DA:23,10
DA:24,2
DA:25,2
DA:26,2
DA:28,2
DA:30,2
DA:32,2
DA:33,2
DA:34,2
DA:35,4
DA:38,2
DA:39,4
DA:44,4
DA:45,4
DA:47,0
DA:48,0
DA:50,0
DA:51,0
DA:62,2
DA:72,2
DA:74,2
DA:75,2
DA:76,2
DA:77,1
DA:78,1
DA:79,1
DA:80,1
DA:81,1
DA:82,1
DA:85,2
DA:87,4
DA:88,4
DA:90,2
DA:91,2
DA:92,4
DA:93,2
DA:96,2
DA:97,2
DA:98,2
DA:100,2
DA:108,2
DA:109,6
DA:114,2
DA:115,4
DA:116,4
DA:117,4
DA:118,6
DA:119,6
DA:120,4
DA:121,4
DA:122,4
DA:123,4
DA:124,4
DA:125,4
DA:126,4
DA:127,4
DA:128,4
DA:129,4
DA:133,2
DA:134,4
DA:135,1
DA:136,4
DA:137,1
DA:142,2
DA:152,2
DA:154,2
DA:156,2
DA:157,2
DA:158,6
DA:161,2
DA:162,2
DA:163,4
DA:164,4
DA:166,2
DA:167,6
DA:168,6
LF:78
LH:74
end_of_record
SF:lib/ui/widgets/trading_terminal/trade_ticket.dart
DA:11,2
DA:22,2
DA:24,4
DA:25,6
DA:26,2
DA:27,2
DA:28,2
DA:30,6
DA:31,4
DA:32,2
DA:33,6
DA:34,6
DA:36,2
DA:38,2
DA:39,2
DA:40,2
DA:41,2
DA:42,2
DA:45,2
DA:46,0
DA:50,2
DA:51,2
DA:54,2
DA:55,0
DA:61,2
DA:62,2
DA:63,2
DA:64,2
DA:65,2
DA:66,2
DA:67,4
DA:69,2
DA:70,4
DA:71,4
DA:72,0
DA:81,2
DA:84,2
DA:85,2
DA:86,2
DA:87,4
DA:89,2
DA:91,2
DA:92,2
DA:94,6
DA:95,2
DA:98,2
DA:99,2
DA:100,6
DA:108,2
DA:110,2
DA:111,2
DA:112,2
DA:113,4
DA:115,2
DA:117,2
DA:118,2
DA:120,2
DA:121,2
DA:123,6
DA:124,2
DA:127,2
DA:128,4
DA:129,6
DA:130,2
DA:137,2
DA:138,4
DA:142,2
DA:143,2
DA:144,0
DA:150,2
DA:151,2
DA:152,2
DA:153,2
DA:154,2
DA:155,4
DA:156,2
DA:157,2
DA:158,4
DA:159,0
DA:168,2
DA:170,2
DA:172,2
DA:173,2
DA:175,6
DA:176,2
DA:179,2
DA:180,10
DA:181,6
DA:182,4
DA:189,2
DA:190,0
DA:193,2
DA:197,2
DA:198,2
DA:202,2
DA:203,6
DA:204,6
DA:217,2
DA:229,2
DA:231,2
DA:233,2
DA:234,8
DA:235,2
DA:236,2
DA:237,2
DA:238,2
DA:239,2
DA:241,2
DA:242,2
DA:243,4
DA:246,2
DA:247,2
DA:248,6
DA:249,4
DA:261,2
DA:275,2
DA:277,2
DA:279,2
DA:280,10
DA:281,2
DA:282,2
DA:283,2
DA:284,2
DA:285,2
DA:288,2
DA:289,2
DA:290,6
DA:291,10
DA:302,2
DA:316,2
DA:318,2
DA:320,2
DA:321,6
DA:322,2
DA:323,2
DA:324,2
DA:325,2
DA:326,2
DA:329,2
DA:330,2
DA:331,2
DA:332,6
DA:335,2
DA:336,2
DA:337,6
DA:338,6
LF:146
LH:140
end_of_record
SF:lib/data/datasources/local/app_database.g.dart
DA:11,1
DA:16,2
DA:18,1
DA:27,2
DA:29,1
DA:36,2
DA:38,1
DA:45,2
DA:47,1
DA:56,2
DA:58,1
DA:67,2
DA:69,1
DA:76,2
DA:78,1
DA:87,2
DA:89,1
DA:94,1
DA:95,1
DA:96,1
DA:97,1
DA:98,1
DA:99,1
DA:100,1
DA:101,1
DA:102,1
DA:103,1
DA:105,1
DA:106,2
DA:107,1
DA:110,1
DA:115,1
DA:116,1
DA:117,1
DA:118,1
DA:120,3
DA:123,0
DA:125,1
DA:126,1
DA:128,3
DA:131,0
DA:133,1
DA:134,1
DA:136,3
DA:139,0
DA:141,1
DA:142,1
DA:144,3
DA:147,0
DA:149,1
DA:150,1
DA:152,3
DA:155,0
DA:157,1
DA:158,1
DA:160,2
DA:161,1
DA:166,0
DA:168,1
DA:169,1
DA:171,3
DA:174,0
DA:176,1
DA:177,1
DA:179,3
DA:182,0
DA:187,1
DA:188,1
DA:189,1
DA:191,0
DA:192,1
DA:193,3
DA:195,2
DA:197,3
DA:199,2
DA:201,3
DA:203,2
DA:205,3
DA:207,2
DA:209,3
DA:211,2
DA:213,3
DA:215,2
DA:217,3
DA:219,2
DA:221,3
DA:223,2
DA:228,1
DA:230,2
DA:243,1
DA:253,0
DA:255,0
DA:256,0
DA:257,0
DA:258,0
DA:259,0
DA:260,0
DA:261,0
DA:262,0
DA:263,0
DA:267,0
DA:268,0
DA:269,0
DA:270,0
DA:271,0
DA:272,0
DA:273,0
DA:274,0
DA:275,0
DA:276,0
DA:280,0
DA:284,0
DA:285,0
DA:286,0
DA:287,0
DA:288,0
DA:289,0
DA:290,0
DA:291,0
DA:292,0
DA:293,0
DA:296,0
DA:298,0
DA:299,0
DA:300,0
DA:301,0
DA:302,0
DA:303,0
DA:304,0
DA:305,0
DA:306,0
DA:307,0
DA:311,0
DA:320,0
DA:321,0
DA:322,0
DA:323,0
DA:324,0
DA:325,0
DA:326,0
DA:327,0
DA:328,0
DA:330,0
DA:331,0
DA:332,0
DA:333,0
DA:334,0
DA:335,0
DA:336,0
DA:337,0
DA:338,0
DA:339,0
DA:340,0
DA:341,0
DA:345,0
DA:347,0
DA:348,0
DA:349,0
DA:350,0
DA:351,0
DA:352,0
DA:353,0
DA:354,0
DA:355,0
DA:356,0
DA:357,0
DA:360,0
DA:361,0
DA:362,0
DA:363,0
DA:364,0
DA:365,0
DA:366,0
DA:367,0
DA:368,0
DA:369,0
DA:371,0
DA:374,0
DA:375,0
DA:376,0
DA:377,0
DA:378,0
DA:379,0
DA:380,0
DA:381,0
DA:382,0
DA:395,0
DA:406,1
DA:416,1
DA:417,1
DA:418,1
DA:419,1
DA:420,1
DA:421,1
DA:422,1
DA:423,1
DA:424,0
DA:435,0
DA:436,0
DA:437,0
DA:438,0
DA:439,0
DA:440,0
DA:441,0
DA:442,0
DA:443,0
DA:444,0
DA:448,0
DA:459,0
DA:460,0
DA:461,0
DA:462,0
DA:463,0
DA:464,0
DA:465,0
DA:466,0
DA:467,0
DA:468,0
DA:472,1
DA:474,1
DA:475,2
DA:476,4
DA:478,2
DA:479,4
DA:481,2
DA:482,4
DA:484,2
DA:485,4
DA:487,2
DA:488,4
DA:490,2
DA:491,4
DA:493,2
DA:494,4
DA:496,2
DA:497,4
DA:499,2
DA:500,0
DA:505,0
DA:507,0
DA:508,0
DA:509,0
DA:510,0
DA:511,0
DA:512,0
DA:513,0
DA:514,0
DA:515,0
DA:516,0
DA:517,0
DA:518,0
DA:527,1
DA:532,2
DA:534,1
DA:543,2
DA:545,1
DA:552,2
DA:554,1
DA:561,2
DA:563,1
DA:570,2
DA:572,1
DA:579,2
DA:581,1
DA:588,2
DA:590,1
DA:599,2
DA:601,1
DA:606,1
DA:607,1
DA:608,1
DA:609,1
DA:610,1
DA:611,1
DA:612,1
DA:613,1
DA:614,1
DA:615,1
DA:617,1
DA:618,2
DA:619,1
DA:622,1
DA:627,1
DA:628,1
DA:629,1
DA:630,1
DA:632,3
DA:635,0
DA:637,1
DA:638,1
DA:640,2
DA:641,1
DA:646,0
DA:648,1
DA:649,1
DA:651,3
DA:654,0
DA:656,1
DA:657,1
DA:659,3
DA:662,0
DA:664,1
DA:665,1
DA:667,3
DA:670,0
DA:672,1
DA:673,1
DA:675,3
DA:678,0
DA:680,1
DA:681,1
DA:683,3
DA:686,0
DA:688,1
DA:689,1
DA:691,3
DA:694,0
DA:699,1
DA:700,3
DA:701,1
DA:703,0
DA:704,1
DA:705,3
DA:707,2
DA:709,3
DA:711,2
DA:713,3
DA:715,2
DA:717,3
DA:719,2
DA:721,3
DA:723,2
DA:725,3
DA:727,2
DA:729,3
DA:731,2
DA:733,3
DA:735,2
DA:740,1
DA:742,2
DA:755,1
DA:765,0
DA:767,0
DA:768,0
DA:769,0
DA:770,0
DA:771,0
DA:772,0
DA:773,0
DA:774,0
DA:775,0
DA:779,0
DA:780,0
DA:781,0
DA:782,0
DA:783,0
DA:784,0
DA:785,0
DA:786,0
DA:787,0
DA:788,0
DA:792,0
DA:796,0
DA:797,0
DA:798,0
DA:799,0
DA:800,0
DA:801,0
DA:802,0
DA:803,0
DA:804,0
DA:805,0
DA:808,0
DA:810,0
DA:811,0
DA:812,0
DA:813,0
DA:814,0
DA:815,0
DA:816,0
DA:817,0
DA:818,0
DA:819,0
DA:823,0
DA:832,0
DA:833,0
DA:834,0
DA:835,0
DA:836,0
DA:837,0
DA:838,0
DA:839,0
DA:840,0
DA:842,0
DA:843,0
DA:844,0
DA:845,0
DA:846,0
DA:847,0
DA:848,0
DA:849,0
DA:850,0
DA:851,0
DA:852,0
DA:853,0
DA:857,0
DA:859,0
DA:860,0
DA:861,0
DA:862,0
DA:863,0
DA:864,0
DA:865,0
DA:866,0
DA:867,0
DA:868,0
DA:869,0
DA:872,0
DA:873,0
DA:874,0
DA:875,0
DA:876,0
DA:877,0
DA:878,0
DA:879,0
DA:880,0
DA:881,0
DA:883,0
DA:886,0
DA:887,0
DA:888,0
DA:889,0
DA:890,0
DA:891,0
DA:892,0
DA:893,0
DA:894,0
DA:907,0
DA:918,1
DA:928,1
DA:929,1
DA:930,1
DA:931,1
DA:932,1
DA:933,1
DA:934,1
DA:935,1
DA:936,0
DA:947,0
DA:948,0
DA:949,0
DA:950,0
DA:951,0
DA:952,0
DA:953,0
DA:954,0
DA:955,0
DA:956,0
DA:960,0
DA:971,0
DA:972,0
DA:973,0
DA:974,0
DA:975,0
DA:976,0
DA:977,0
DA:978,0
DA:979,0
DA:980,0
DA:984,1
DA:986,1
DA:987,2
DA:988,4
DA:990,2
DA:991,4
DA:993,2
DA:994,4
DA:996,2
DA:997,4
DA:999,2
DA:1000,4
DA:1002,2
DA:1003,4
DA:1005,2
DA:1006,4
DA:1008,2
DA:1009,4
DA:1011,2
DA:1012,0
DA:1017,0
DA:1019,0
DA:1020,0
DA:1021,0
DA:1022,0
DA:1023,0
DA:1024,0
DA:1025,0
DA:1026,0
DA:1027,0
DA:1028,0
DA:1029,0
DA:1030,0
DA:1039,1
DA:1044,2
DA:1046,1
DA:1055,2
DA:1057,1
DA:1066,2
DA:1068,1
DA:1077,2
DA:1079,1
DA:1084,1
DA:1085,1
DA:1086,1
DA:1087,1
DA:1088,1
DA:1089,1
DA:1091,1
DA:1092,2
DA:1093,1
DA:1096,1
DA:1101,1
DA:1102,1
DA:1103,1
DA:1104,1
DA:1106,3
DA:1109,0
DA:1111,1
DA:1112,1
DA:1114,3
DA:1117,0
DA:1119,1
DA:1120,1
DA:1122,3
DA:1125,0
DA:1127,1
DA:1128,1
DA:1130,3
DA:1133,0
DA:1138,1
DA:1139,1
DA:1140,1
DA:1142,0
DA:1143,1
DA:1144,3
DA:1146,2
DA:1148,3
DA:1150,2
DA:1152,3
DA:1154,2
DA:1156,3
DA:1158,2
DA:1163,1
DA:1165,2
DA:1174,1
DA:1180,0
DA:1182,0
DA:1183,0
DA:1184,0
DA:1185,0
DA:1186,0
DA:1190,0
DA:1191,0
DA:1192,0
DA:1193,0
DA:1194,0
DA:1195,0
DA:1199,0
DA:1203,0
DA:1204,0
DA:1205,0
DA:1206,0
DA:1207,0
DA:1208,0
DA:1211,0
DA:1213,0
DA:1214,0
DA:1215,0
DA:1216,0
DA:1217,0
DA:1218,0
DA:1222,0
DA:1227,0
DA:1228,0
DA:1229,0
DA:1230,0
DA:1231,0
DA:1233,0
DA:1234,0
DA:1235,0
DA:1236,0
DA:1237,0
DA:1238,0
DA:1242,0
DA:1244,0
DA:1245,0
DA:1246,0
DA:1247,0
DA:1248,0
DA:1249,0
DA:1250,0
DA:1253,0
DA:1254,0
DA:1255,0
DA:1258,0
DA:1259,0
DA:1260,0
DA:1261,0
DA:1262,0
DA:1271,0
DA:1278,1
DA:1284,1
DA:1285,1
DA:1286,1
DA:1287,1
DA:1288,0
DA:1295,0
DA:1296,0
DA:1297,0
DA:1298,0
DA:1299,0
DA:1300,0
DA:1304,0
DA:1311,0
DA:1312,0
DA:1313,0
DA:1314,0
DA:1315,0
DA:1316,0
DA:1320,1
DA:1322,1
DA:1323,2
DA:1324,4
DA:1326,2
DA:1327,4
DA:1329,2
DA:1330,4
DA:1332,2
DA:1333,4
DA:1335,2
DA:1336,0
DA:1341,0
DA:1343,0
DA:1344,0
DA:1345,0
DA:1346,0
DA:1347,0
DA:1348,0
DA:1349,0
DA:1350,0
DA:1359,1
DA:1364,2
DA:1366,1
DA:1375,2
DA:1377,1
DA:1386,2
DA:1388,1
DA:1393,1
DA:1394,4
DA:1395,1
DA:1396,2
DA:1397,1
DA:1400,1
DA:1405,1
DA:1406,1
DA:1407,1
DA:1408,1
DA:1410,3
DA:1413,0
DA:1415,1
DA:1416,1
DA:1418,3
DA:1421,0
DA:1423,1
DA:1424,1
DA:1426,3
DA:1429,0
DA:1434,1
DA:1435,1
DA:1436,1
DA:1438,0
DA:1439,1
DA:1440,3
DA:1442,2
DA:1444,3
DA:1446,2
DA:1448,3
DA:1450,2
DA:1455,1
DA:1457,2
DA:1465,1
DA:1470,0
DA:1472,0
DA:1473,0
DA:1474,0
DA:1475,0
DA:1479,0
DA:1480,0
DA:1481,0
DA:1482,0
DA:1483,0
DA:1487,0
DA:1491,0
DA:1492,0
DA:1493,0
DA:1494,0
DA:1495,0
DA:1498,0
DA:1500,0
DA:1501,0
DA:1502,0
DA:1503,0
DA:1504,0
DA:1508,0
DA:1512,0
DA:1513,0
DA:1514,0
DA:1515,0
DA:1517,0
DA:1518,0
DA:1519,0
DA:1520,0
DA:1521,0
DA:1522,0
DA:1523,0
DA:1527,0
DA:1529,0
DA:1530,0
DA:1531,0
DA:1532,0
DA:1533,0
DA:1534,0
DA:1537,0
DA:1538,0
DA:1539,0
DA:1542,0
DA:1543,0
DA:1544,0
DA:1545,0
DA:1553,0
DA:1559,1
DA:1564,1
DA:1565,1
DA:1566,1
DA:1567,0
DA:1573,0
DA:1574,0
DA:1575,0
DA:1576,0
DA:1577,0
DA:1581,0
DA:1587,0
DA:1588,0
DA:1589,0
DA:1590,0
DA:1591,0
DA:1595,1
DA:1597,1
DA:1598,2
DA:1599,4
DA:1601,2
DA:1602,4
DA:1604,2
DA:1605,4
DA:1607,2
DA:1608,0
DA:1613,0
DA:1615,0
DA:1616,0
DA:1617,0
DA:1618,0
DA:1619,0
DA:1620,0
DA:1621,0
DA:1626,2
DA:1627,0
DA:1628,2
DA:1629,2
DA:1630,2
DA:1633,2
DA:1634,0
DA:1636,0
DA:1637,1
DA:1638,1
DA:1639,1
DA:1640,1
DA:1641,1
DA:1642,1
DA:1673,0
DA:1680,0
DA:1681,0
DA:1682,0
DA:1685,0
DA:1686,0
DA:1687,0
DA:1690,0
DA:1691,0
DA:1692,0
DA:1695,0
DA:1696,0
DA:1697,0
DA:1700,0
DA:1701,0
DA:1702,0
DA:1705,0
DA:1706,0
DA:1707,0
DA:1710,0
DA:1711,0
DA:1712,0
DA:1715,0
DA:1716,0
DA:1717,0
DA:1723,0
DA:1730,0
DA:1731,0
DA:1732,0
DA:1735,0
DA:1736,0
DA:1737,0
DA:1740,0
DA:1741,0
DA:1742,0
DA:1745,0
DA:1746,0
DA:1747,0
DA:1750,0
DA:1751,0
DA:1752,0
DA:1755,0
DA:1756,0
DA:1757,0
DA:1760,0
DA:1761,0
DA:1762,0
DA:1765,0
DA:1766,0
DA:1767,0
DA:1773,0
DA:1780,0
DA:1781,0
DA:1783,0
DA:1784,0
DA:1786,0
DA:1787,0
DA:1789,0
DA:1790,0
DA:1792,0
DA:1793,0
DA:1795,0
DA:1796,0
DA:1797,0
DA:1800,0
DA:1801,0
DA:1803,0
DA:1804,0
DA:1825,0
DA:1826,0
DA:1827,0
DA:1830,0
DA:1831,0
DA:1832,0
DA:1833,0
DA:1834,0
DA:1835,0
DA:1837,0
DA:1847,0
DA:1859,0
DA:1869,0
DA:1880,0
DA:1881,0
DA:1882,0
DA:1932,0
DA:1939,0
DA:1940,0
DA:1941,0
DA:1944,0
DA:1945,0
DA:1946,0
DA:1949,0
DA:1950,0
DA:1951,0
DA:1954,0
DA:1955,0
DA:1956,0
DA:1959,0
DA:1960,0
DA:1961,0
DA:1964,0
DA:1965,0
DA:1966,0
DA:1969,0
DA:1970,0
DA:1971,0
DA:1974,0
DA:1975,0
DA:1976,0
DA:1982,0
DA:1989,0
DA:1990,0
DA:1991,0
DA:1994,0
DA:1995,0
DA:1996,0
DA:1999,0
DA:2000,0
DA:2001,0
DA:2004,0
DA:2005,0
DA:2006,0
DA:2009,0
DA:2010,0
DA:2011,0
DA:2014,0
DA:2015,0
DA:2016,0
DA:2019,0
DA:2020,0
DA:2021,0
DA:2024,0
DA:2025,0
DA:2026,0
DA:2032,0
DA:2039,0
DA:2040,0
DA:2042,0
DA:2043,0
DA:2044,0
DA:2047,0
DA:2048,0
DA:2050,0
DA:2051,0
DA:2053,0
DA:2054,0
DA:2056,0
DA:2057,0
DA:2059,0
DA:2060,0
DA:2062,0
DA:2063,0
DA:2084,0
DA:2085,0
DA:2086,0
DA:2089,0
DA:2090,0
DA:2091,0
DA:2092,0
DA:2093,0
DA:2094,0
DA:2096,0
DA:2106,0
DA:2118,0
DA:2128,0
DA:2139,0
DA:2140,0
DA:2141,0
DA:2183,0
DA:2190,0
DA:2191,0
DA:2192,0
DA:2195,0
DA:2196,0
DA:2197,0
DA:2200,0
DA:2201,0
DA:2202,0
DA:2205,0
DA:2206,0
DA:2207,0
DA:2213,0
DA:2220,0
DA:2221,0
DA:2222,0
DA:2225,0
DA:2226,0
DA:2227,0
DA:2230,0
DA:2231,0
DA:2232,0
DA:2235,0
DA:2236,0
DA:2237,0
DA:2243,0
DA:2250,0
DA:2251,0
DA:2253,0
DA:2254,0
DA:2256,0
DA:2257,0
DA:2259,0
DA:2260,0
DA:2285,0
DA:2288,0
DA:2289,0
DA:2292,0
DA:2293,0
DA:2294,0
DA:2295,0
DA:2296,0
DA:2297,0
DA:2299,0
DA:2305,0
DA:2313,0
DA:2319,0
DA:2326,0
DA:2327,0
DA:2328,0
DA:2368,0
DA:2375,0
DA:2376,0
DA:2377,0
DA:2380,0
DA:2381,0
DA:2382,0
DA:2385,0
DA:2386,0
DA:2387,0
DA:2393,0
DA:2400,0
DA:2401,0
DA:2402,0
DA:2405,0
DA:2406,0
DA:2407,0
DA:2410,0
DA:2411,0
DA:2412,0
DA:2418,0
DA:2425,0
DA:2426,0
DA:2428,0
DA:2429,0
DA:2430,0
DA:2433,0
DA:2434,0
DA:2455,0
DA:2456,0
DA:2457,0
DA:2460,0
DA:2461,0
DA:2462,0
DA:2463,0
DA:2464,0
DA:2465,0
DA:2467,0
DA:2472,0
DA:2479,0
DA:2484,0
DA:2490,0
DA:2491,0
DA:2492,0
DA:2518,0
DA:2519,0
DA:2520,0
DA:2521,0
DA:2522,0
DA:2523,0
DA:2524,0
DA:2525,0
DA:2526,0
LF:1060
LH:343
end_of_record
SF:lib/data/datasources/local/app_database.dart
DA:16,1
DA:17,1
DA:19,1
DA:23,0
DA:24,0
DA:25,0
DA:26,0
DA:27,0
LF:8
LH:3
end_of_record
SF:lib/data/datasources/local/market_cache_tables.dart
DA:4,0
DA:5,0
DA:6,0
DA:7,0
DA:8,0
DA:9,0
DA:10,0
DA:11,0
DA:13,0
DA:14,0
DA:18,0
DA:19,0
DA:20,0
DA:21,0
DA:22,0
DA:23,0
DA:24,0
DA:25,0
DA:27,0
DA:28,0
DA:32,0
DA:33,0
DA:34,0
DA:35,0
DA:37,0
DA:38,0
DA:42,0
DA:43,0
DA:44,0
DA:46,0
DA:47,0
LF:31
LH:0
end_of_record
SF:lib/data/datasources/local/market_cache_data_source.dart
DA:15,1
DA:19,1
DA:21,3
DA:22,1
DA:23,2
DA:24,1
DA:25,1
DA:26,1
DA:27,1
DA:28,1
DA:29,1
DA:30,1
DA:35,1
DA:38,3
DA:39,5
DA:40,1
DA:42,1
DA:44,1
DA:45,1
DA:46,1
DA:47,1
DA:48,1
DA:49,1
DA:50,1
DA:54,1
DA:60,3
DA:61,1
DA:62,2
DA:64,1
DA:65,2
DA:66,1
DA:67,1
DA:68,1
DA:69,1
DA:70,1
DA:71,1
DA:72,1
DA:73,1
DA:76,1
DA:81,1
DA:87,3
DA:88,1
DA:89,1
DA:90,4
DA:91,3
DA:93,2
DA:94,3
DA:97,1
DA:99,1
DA:101,1
DA:102,2
DA:103,1
DA:104,1
DA:105,1
DA:106,1
DA:107,1
DA:108,1
DA:111,1
DA:114,1
DA:116,1
DA:117,5
DA:118,1
DA:119,1
DA:120,5
DA:121,1
DA:122,3
DA:123,1
DA:124,1
DA:125,1
DA:126,1
DA:127,1
DA:132,1
DA:135,3
DA:136,5
DA:137,1
DA:140,1
DA:141,2
DA:142,2
DA:143,1
DA:145,1
DA:147,1
DA:149,0
DA:154,1
DA:157,1
DA:158,2
DA:159,1
DA:160,1
DA:161,2
DA:162,2
DA:163,1
DA:166,1
DA:167,3
DA:168,1
DA:169,1
DA:170,1
DA:171,2
DA:176,1
DA:179,3
DA:180,5
DA:181,1
DA:184,2
DA:185,3
DA:186,1
DA:188,1
DA:190,1
DA:192,1
DA:197,1
DA:198,1
DA:200,1
DA:201,2
DA:202,2
DA:203,2
DA:206,1
DA:209,1
DA:211,1
DA:212,2
DA:213,2
DA:214,2
DA:215,2
DA:216,1
LF:120
LH:119
end_of_record
SF:lib/data/datasources/mock/mock_market_data_store.dart
DA:11,4
DA:15,2
DA:16,8
DA:17,4
DA:20,2
DA:21,12
DA:24,2
DA:25,4
DA:26,2
DA:27,2
DA:28,2
DA:33,10
DA:34,8
DA:35,8
DA:36,4
DA:40,2
DA:46,2
DA:47,2
DA:49,4
DA:50,6
DA:52,2
DA:53,2
DA:54,10
DA:55,10
DA:56,2
DA:57,10
DA:58,10
DA:60,2
DA:61,2
DA:66,8
DA:67,8
DA:71,4
DA:74,2
DA:76,4
DA:77,2
DA:78,2
DA:79,4
DA:80,2
DA:81,2
DA:82,8
DA:83,8
DA:86,2
DA:87,2
DA:88,8
DA:89,8
DA:93,6
DA:96,2
DA:98,2
DA:99,2
DA:100,4
DA:101,4
DA:102,2
DA:103,2
DA:104,2
DA:105,8
DA:106,4
DA:107,4
DA:108,2
DA:115,2
DA:117,2
DA:118,2
DA:122,1
DA:124,1
DA:125,1
DA:129,1
DA:131,1
DA:132,1
LF:67
LH:67
end_of_record
SF:lib/data/datasources/remote/binance/binance_rest_client.dart
DA:20,1
DA:21,0
DA:27,1
DA:28,4
DA:30,1
DA:33,2
DA:34,3
DA:36,2
DA:37,4
DA:39,2
DA:40,2
DA:41,1
DA:42,3
DA:43,1
DA:44,3
DA:45,1
DA:46,0
DA:47,1
DA:48,0
DA:49,1
DA:50,3
DA:54,1
DA:61,2
DA:62,2
DA:63,2
DA:64,2
DA:65,2
DA:68,2
DA:69,4
DA:71,2
DA:72,1
DA:73,4
DA:75,1
DA:76,0
DA:77,1
DA:78,3
DA:79,1
DA:80,0
DA:81,1
DA:82,3
DA:83,0
DA:84,0
DA:88,1
DA:94,2
DA:95,2
DA:96,2
DA:97,2
DA:100,2
DA:101,4
DA:103,2
DA:104,2
DA:105,1
DA:106,0
DA:107,1
DA:108,3
DA:109,0
DA:110,0
DA:111,0
DA:112,0
DA:113,0
DA:114,0
DA:118,1
DA:124,2
DA:125,2
DA:126,2
DA:127,2
DA:130,2
DA:131,4
DA:133,2
DA:134,1
DA:135,4
DA:137,1
DA:138,0
DA:139,1
DA:140,3
DA:141,0
DA:142,0
DA:143,0
DA:144,0
DA:145,0
DA:146,0
DA:150,1
DA:151,1
DA:153,2
DA:154,2
DA:155,2
DA:156,2
DA:158,3
DA:159,2
DA:160,1
DA:161,1
DA:167,1
DA:168,1
DA:169,2
DA:170,2
DA:171,2
DA:172,2
DA:173,2
DA:174,1
DA:175,1
DA:181,1
DA:182,1
DA:183,3
DA:184,1
DA:185,1
DA:186,3
DA:187,1
DA:188,3
DA:191,1
DA:192,1
DA:193,2
DA:194,2
DA:198,1
DA:199,1
DA:200,2
DA:201,2
DA:202,1
DA:203,1
DA:204,1
DA:207,2
DA:211,1
DA:212,1
LF:122
LH:101
end_of_record
SF:lib/data/datasources/remote/bybit/bybit_rest_client.dart
DA:20,1
DA:21,0
DA:27,1
DA:28,4
DA:30,1
DA:31,1
DA:32,1
DA:33,1
DA:34,1
DA:37,1
DA:40,2
DA:41,2
DA:43,1
DA:46,2
DA:47,4
DA:49,2
DA:50,1
DA:51,1
DA:52,2
DA:54,1
DA:55,1
DA:56,1
DA:57,2
DA:58,1
DA:59,3
DA:60,1
DA:61,3
DA:62,1
DA:63,3
DA:64,1
DA:65,0
DA:66,1
DA:67,3
DA:71,1
DA:78,2
DA:79,2
DA:80,1
DA:81,2
DA:82,2
DA:83,2
DA:86,2
DA:87,0
DA:89,2
DA:90,1
DA:91,1
DA:92,2
DA:94,1
DA:95,1
DA:96,1
DA:97,4
DA:99,1
DA:100,0
DA:101,1
DA:102,3
DA:103,1
DA:104,0
DA:105,1
DA:106,3
DA:107,0
DA:108,0
DA:112,1
DA:118,2
DA:119,2
DA:120,1
DA:121,2
DA:122,2
DA:125,2
DA:126,0
DA:128,2
DA:129,1
DA:130,1
DA:131,2
DA:133,1
DA:134,2
DA:135,1
DA:136,0
DA:137,1
DA:138,3
DA:139,0
DA:140,0
DA:141,0
DA:142,0
DA:143,0
DA:144,0
DA:148,1
DA:154,2
DA:155,2
DA:156,1
DA:157,2
DA:158,2
DA:161,2
DA:162,0
DA:164,2
DA:165,1
DA:166,1
DA:167,2
DA:169,1
DA:170,1
DA:171,1
DA:172,4
DA:174,1
DA:175,0
DA:176,1
DA:177,3
DA:178,0
DA:179,0
DA:180,0
DA:181,0
DA:182,0
DA:183,0
DA:187,1
DA:188,1
DA:190,2
DA:191,2
DA:192,2
DA:193,1
DA:195,0
DA:196,2
DA:197,2
DA:198,2
DA:202,1
DA:203,1
DA:204,2
DA:205,2
DA:206,2
DA:207,2
DA:208,2
DA:209,1
DA:210,2
DA:216,1
DA:217,1
DA:218,3
DA:219,1
DA:220,1
DA:221,3
DA:222,1
DA:223,3
DA:226,1
DA:227,1
DA:228,2
DA:229,2
DA:233,1
DA:234,1
DA:235,1
DA:236,2
DA:237,2
DA:238,2
DA:239,1
DA:240,2
DA:243,2
DA:247,1
DA:249,1
DA:250,1
DA:251,1
DA:252,1
DA:253,1
DA:254,0
DA:255,0
LF:158
LH:132
end_of_record
SF:lib/data/datasources/remote/bybit/bybit_websocket_client.dart
DA:17,1
DA:20,0
DA:24,0
DA:26,0
DA:29,1
DA:30,2
DA:32,1
DA:33,2
DA:38,1
DA:40,1
DA:41,1
DA:42,1
DA:43,3
DA:44,4
DA:45,3
DA:49,1
DA:51,1
DA:52,1
DA:53,4
DA:54,0
DA:55,0
DA:59,1
DA:61,1
DA:62,1
DA:63,2
DA:64,1
DA:65,3
DA:66,1
DA:68,0
DA:69,0
DA:73,1
DA:79,2
DA:82,1
DA:83,1
DA:84,1
DA:85,2
DA:89,1
DA:90,2
DA:91,1
DA:92,2
DA:93,2
DA:94,1
DA:97,1
DA:98,2
DA:99,1
DA:100,2
DA:101,1
DA:102,2
DA:103,0
DA:104,0
DA:105,0
DA:106,0
DA:107,0
DA:108,0
DA:109,0
DA:110,0
DA:111,0
DA:112,0
DA:115,3
DA:116,1
DA:119,1
DA:120,0
DA:121,0
DA:122,0
DA:126,1
DA:129,1
DA:130,1
DA:132,2
DA:133,2
DA:134,2
DA:135,1
DA:137,0
DA:138,2
DA:139,2
DA:140,2
DA:144,1
DA:145,1
DA:146,3
DA:147,1
DA:148,1
DA:149,3
DA:150,1
DA:151,3
DA:154,1
DA:155,1
DA:156,2
DA:157,2
DA:161,1
DA:162,1
DA:163,1
DA:164,2
DA:165,2
DA:166,2
DA:167,1
DA:168,1
DA:171,2
LF:96
LH:75
end_of_record
SF:lib/data/datasources/remote/coinbase/coinbase_rest_client.dart
DA:20,1
DA:21,0
DA:27,1
DA:28,4
DA:30,4
DA:32,1
DA:35,1
DA:36,1
DA:37,1
DA:38,1
DA:39,3
DA:41,1
DA:42,0
DA:43,1
DA:44,3
DA:45,1
DA:46,0
DA:47,1
DA:48,0
DA:49,1
DA:50,3
DA:54,1
DA:55,2
DA:56,3
DA:58,2
DA:59,1
DA:60,3
DA:63,3
DA:66,1
DA:69,2
DA:70,3
DA:72,2
DA:73,1
DA:74,3
DA:77,3
DA:80,1
DA:85,2
DA:86,2
DA:87,1
DA:88,2
DA:90,1
DA:93,2
DA:94,2
DA:97,1
DA:98,2
DA:100,3
DA:104,1
DA:111,1
DA:112,2
DA:115,2
DA:117,2
DA:118,3
DA:120,2
DA:121,4
DA:123,2
DA:124,1
DA:125,4
DA:127,1
DA:128,3
DA:129,1
DA:130,3
DA:131,1
DA:132,0
DA:133,1
DA:134,0
DA:135,1
DA:136,3
DA:140,1
DA:146,2
DA:147,3
DA:149,2
DA:150,1
DA:151,3
DA:154,2
DA:155,2
DA:156,1
DA:157,3
DA:158,1
DA:159,0
DA:160,1
DA:161,0
DA:162,1
DA:163,0
DA:164,1
DA:165,3
DA:169,1
DA:175,1
DA:177,2
DA:179,2
DA:180,3
DA:182,2
DA:183,4
DA:185,2
DA:186,1
DA:187,4
DA:189,1
DA:190,0
DA:191,1
DA:192,3
DA:193,1
DA:194,0
DA:195,1
DA:196,0
DA:197,1
DA:198,3
DA:202,1
DA:203,2
DA:204,1
DA:205,2
DA:206,2
DA:207,2
DA:208,2
DA:209,2
DA:210,1
DA:211,1
DA:217,1
DA:218,1
DA:219,2
DA:220,0
DA:223,1
DA:224,2
DA:225,1
DA:226,0
DA:227,0
DA:230,1
DA:231,1
DA:232,3
DA:233,1
DA:234,1
DA:235,3
DA:236,1
DA:237,3
DA:240,1
DA:241,1
DA:242,2
DA:243,2
DA:247,1
DA:248,1
DA:249,1
DA:250,2
DA:251,2
DA:252,2
DA:253,3
DA:254,2
DA:258,1
DA:260,1
DA:261,1
DA:262,1
DA:263,1
DA:264,1
DA:265,0
DA:266,0
LF:152
LH:135
end_of_record
SF:lib/data/datasources/remote/coinbase/coinbase_websocket_client.dart
DA:17,1
DA:20,0
DA:24,0
DA:26,0
DA:29,4
DA:31,1
DA:32,2
DA:34,2
DA:35,1
DA:39,1
DA:41,1
DA:42,1
DA:43,3
DA:44,3
DA:45,4
DA:46,3
DA:50,1
DA:52,1
DA:53,1
DA:54,1
DA:55,1
DA:56,2
DA:58,3
DA:59,0
DA:60,3
DA:64,1
DA:66,1
DA:67,1
DA:68,3
DA:69,4
DA:70,0
DA:71,3
DA:75,1
DA:82,2
DA:85,1
DA:86,1
DA:87,1
DA:88,2
DA:92,1
DA:93,2
DA:94,1
DA:95,2
DA:96,2
DA:97,1
DA:100,1
DA:101,1
DA:102,2
DA:103,1
DA:104,2
DA:105,1
DA:106,2
DA:107,0
DA:108,0
DA:109,0
DA:110,0
DA:111,0
DA:112,0
DA:113,0
DA:114,0
DA:115,0
DA:116,0
DA:119,3
DA:120,1
DA:123,2
DA:124,1
DA:125,2
DA:126,1
DA:130,1
DA:133,1
DA:134,2
DA:135,2
DA:136,1
DA:137,2
DA:139,1
DA:142,2
DA:143,2
DA:146,2
DA:147,3
DA:151,1
DA:152,1
DA:153,1
DA:154,1
DA:155,3
DA:156,1
DA:157,1
DA:158,3
DA:159,1
DA:160,1
DA:163,2
DA:168,1
DA:169,1
DA:170,1
DA:171,2
DA:173,1
DA:174,1
DA:175,2
DA:176,1
DA:178,1
DA:181,3
DA:184,1
DA:186,2
DA:187,1
DA:188,2
DA:189,3
DA:193,1
DA:194,1
DA:195,1
DA:196,2
DA:197,2
DA:198,2
DA:199,3
DA:200,2
LF:112
LH:97
end_of_record
SF:lib/data/datasources/remote/okx/okx_rest_client.dart
DA:20,1
DA:21,0
DA:27,1
DA:28,4
DA:30,4
DA:32,1
DA:33,1
DA:34,1
DA:35,1
DA:36,1
DA:39,1
DA:40,1
DA:41,1
DA:44,1
DA:47,2
DA:48,3
DA:50,2
DA:51,4
DA:53,2
DA:54,1
DA:55,1
DA:56,2
DA:58,3
DA:59,1
DA:60,0
DA:61,1
DA:62,3
DA:63,1
DA:64,3
DA:65,1
DA:66,0
DA:67,1
DA:68,3
DA:72,1
DA:79,2
DA:80,2
DA:81,2
DA:82,2
DA:83,2
DA:86,2
DA:87,4
DA:89,2
DA:90,1
DA:91,1
DA:92,2
DA:94,1
DA:95,1
DA:96,4
DA:98,1
DA:99,0
DA:100,1
DA:101,3
DA:102,1
DA:103,0
DA:104,1
DA:105,0
DA:106,1
DA:107,3
DA:111,1
DA:117,2
DA:118,2
DA:119,2
DA:120,2
DA:123,2
DA:124,4
DA:126,2
DA:127,1
DA:128,1
DA:129,2
DA:131,3
DA:132,1
DA:133,0
DA:134,1
DA:135,0
DA:136,1
DA:137,0
DA:138,1
DA:139,0
DA:140,1
DA:141,3
DA:145,1
DA:151,2
DA:152,2
DA:153,2
DA:154,2
DA:157,2
DA:158,4
DA:160,2
DA:161,1
DA:162,1
DA:163,2
DA:165,1
DA:166,1
DA:167,4
DA:169,1
DA:170,0
DA:171,1
DA:172,3
DA:173,1
DA:174,0
DA:175,1
DA:176,0
DA:177,1
DA:178,3
DA:182,1
DA:183,2
DA:184,2
DA:185,1
DA:186,2
DA:188,1
DA:191,2
DA:192,2
DA:195,2
DA:196,2
DA:200,1
DA:201,3
DA:202,2
DA:205,1
DA:206,1
DA:207,2
DA:208,2
DA:209,2
DA:210,2
DA:211,2
DA:212,1
DA:213,2
DA:219,1
DA:220,1
DA:221,3
DA:222,1
DA:223,1
DA:224,3
DA:225,1
DA:226,3
DA:229,1
DA:230,1
DA:231,2
DA:232,2
DA:236,1
DA:237,1
DA:238,1
DA:239,2
DA:240,2
DA:241,2
DA:242,2
DA:243,2
DA:247,1
DA:249,1
DA:250,1
DA:251,1
DA:252,1
DA:253,1
DA:254,0
DA:255,0
LF:154
LH:139
end_of_record
SF:lib/data/datasources/remote/okx/okx_websocket_client.dart
DA:17,1
DA:18,0
DA:22,0
DA:24,0
DA:27,4
DA:29,1
DA:30,2
DA:32,1
DA:33,2
DA:38,1
DA:40,1
DA:41,1
DA:42,1
DA:43,1
DA:45,2
DA:46,2
DA:48,4
DA:49,3
DA:53,1
DA:55,1
DA:56,1
DA:57,1
DA:58,1
DA:60,2
DA:61,2
DA:63,0
DA:64,3
DA:68,1
DA:70,1
DA:71,1
DA:72,1
DA:73,2
DA:74,1
DA:75,3
DA:76,1
DA:78,0
DA:79,3
DA:83,3
DA:85,1
DA:92,2
DA:95,1
DA:96,1
DA:97,1
DA:98,2
DA:102,1
DA:103,2
DA:104,1
DA:105,2
DA:106,2
DA:107,1
DA:110,1
DA:111,1
DA:112,2
DA:113,1
DA:114,2
DA:115,1
DA:116,0
DA:117,1
DA:118,2
DA:119,0
DA:120,0
DA:121,0
DA:122,0
DA:123,0
DA:124,0
DA:125,0
DA:126,0
DA:129,3
DA:130,1
DA:133,2
DA:134,1
DA:135,2
DA:136,1
DA:140,1
DA:143,1
DA:144,2
DA:145,2
DA:146,1
DA:147,2
DA:149,1
DA:152,2
DA:153,2
DA:156,2
DA:157,2
DA:161,1
DA:162,1
DA:163,2
DA:166,1
DA:167,1
DA:168,3
DA:169,1
DA:170,1
DA:171,3
DA:172,1
DA:173,3
DA:176,1
DA:177,1
DA:178,2
DA:179,2
DA:183,1
DA:184,1
DA:185,1
DA:186,2
DA:187,2
DA:188,2
DA:189,2
DA:190,2
LF:107
LH:93
end_of_record
SF:lib/data/repositories/market_data_repository_impl.dart
DA:23,1
DA:39,1
DA:45,1
DA:59,1
DA:60,4
DA:63,1
DA:68,1
DA:69,1
DA:70,2
DA:72,1
DA:77,1
DA:86,1
DA:88,1
DA:89,1
DA:91,2
DA:92,0
DA:93,0
DA:97,1
DA:98,2
DA:99,1
DA:103,1
DA:104,1
DA:105,2
DA:109,1
DA:111,3
DA:113,2
DA:114,1
DA:115,2
DA:120,1
DA:121,3
DA:125,1
DA:127,3
DA:129,1
DA:130,1
DA:131,3
DA:134,3
DA:135,1
DA:136,3
DA:138,3
DA:139,3
DA:140,3
DA:141,1
DA:142,2
DA:144,3
DA:148,1
DA:154,3
DA:156,1
DA:157,1
DA:158,3
DA:161,3
DA:162,1
DA:163,3
DA:165,1
DA:167,3
DA:168,1
DA:170,1
DA:171,4
DA:172,1
DA:173,2
DA:174,1
DA:175,2
DA:177,3
DA:181,1
DA:186,3
DA:188,1
DA:189,1
DA:190,3
DA:193,3
DA:194,1
DA:195,3
DA:197,3
DA:198,3
DA:199,1
DA:200,2
DA:201,1
DA:202,2
DA:204,3
DA:208,1
DA:213,3
DA:215,1
DA:216,1
DA:217,3
DA:220,3
DA:221,1
DA:222,3
DA:224,3
DA:225,1
DA:226,1
DA:227,1
DA:228,0
DA:230,2
DA:232,3
DA:233,1
DA:234,2
DA:236,3
DA:240,1
DA:242,3
DA:244,1
DA:245,1
DA:246,3
DA:251,2
DA:253,1
DA:256,1
DA:257,4
DA:258,1
DA:263,3
DA:265,2
DA:269,4
DA:270,1
DA:274,1
DA:276,3
DA:278,1
DA:279,0
DA:280,0
DA:285,2
DA:287,1
DA:290,1
DA:291,0
DA:292,0
DA:297,3
DA:299,2
DA:303,4
DA:304,1
DA:308,1
DA:310,3
DA:312,1
DA:313,0
DA:314,0
DA:319,2
DA:321,1
DA:324,1
DA:325,0
DA:326,0
DA:331,3
DA:333,2
DA:337,4
DA:338,1
LF:137
LH:126
end_of_record
SF:lib/domain/registry/exchange_capability.dart
DA:14,1
DA:22,1
DA:23,2
DA:25,0
DA:28,0
DA:29,0
DA:30,0
DA:32,0
DA:33,0
DA:35,0
DA:37,0
LF:11
LH:3
end_of_record
SF:lib/domain/usecases/get_candles_use_case.dart
DA:8,4
DA:12,4
DA:16,8
LF:3
LH:3
end_of_record
SF:lib/domain/usecases/get_supported_features_use_case.dart
DA:5,1
DA:9,1
DA:10,2
DA:11,1
LF:4
LH:4
end_of_record
SF:lib/domain/usecases/get_ticker_use_case.dart
DA:7,1
DA:11,1
DA:12,2
LF:3
LH:3
end_of_record
SF:lib/domain/usecases/get_trades_use_case.dart
DA:7,1
DA:11,1
DA:12,2
LF:3
LH:3
end_of_record
SF:lib/domain/usecases/watch_order_book_use_case.dart
DA:7,3
DA:11,3
DA:12,6
LF:3
LH:3
end_of_record
SF:lib/domain/usecases/watch_ticker_use_case.dart
DA:7,4
DA:11,4
DA:12,8
LF:3
LH:3
end_of_record
SF:lib/domain/usecases/watch_trades_use_case.dart
DA:7,4
DA:11,4
DA:12,8
LF:3
LH:3
end_of_record
SF:lib/presentation/providers/connectivity_provider.dart
DA:4,0
DA:5,0
DA:7,10
DA:8,1
DA:10,1
DA:11,0
DA:13,0
DA:14,0
DA:18,12
DA:19,6
DA:20,3
LF:11
LH:6
end_of_record
SF:lib/presentation/providers/market_data_providers.dart
DA:14,0
DA:15,0
DA:16,0
DA:19,12
DA:20,6
DA:21,3
DA:24,8
DA:25,4
DA:26,2
DA:29,0
DA:30,0
DA:31,0
DA:34,12
DA:35,6
DA:36,3
DA:39,12
DA:40,6
DA:41,3
DA:44,0
DA:45,0
DA:46,0
DA:47,0
DA:50,12
DA:54,6
DA:56,3
DA:57,3
DA:58,10
DA:62,6
DA:63,6
DA:68,6
DA:69,3
DA:70,7
DA:73,6
DA:74,2
DA:75,4
DA:77,2
DA:78,2
DA:79,7
DA:84,12
DA:88,6
DA:90,3
DA:91,3
DA:92,10
DA:96,0
DA:97,0
DA:98,0
DA:99,0
LF:47
LH:33
end_of_record
SF:lib/presentation/providers/selected_symbol_provider.dart
DA:6,6
DA:7,4
LF:2
LH:2
end_of_record
SF:lib/presentation/providers/trading_terminal_provider.dart
DA:18,1
DA:34,1
DA:42,1
DA:43,1
DA:44,1
DA:45,1
DA:46,1
DA:47,1
DA:48,1
DA:52,0
DA:55,0
DA:56,0
DA:57,0
DA:58,0
DA:59,0
DA:60,0
DA:61,0
DA:63,0
DA:64,0
DA:65,0
DA:66,0
DA:67,0
DA:68,0
DA:69,0
DA:70,0
DA:76,4
DA:78,1
DA:79,3
DA:82,0
DA:83,0
DA:86,0
DA:87,0
DA:90,0
DA:91,0
DA:92,0
DA:95,0
DA:96,0
DA:97,0
DA:100,1
DA:101,3
DA:106,4
DA:107,2
DA:108,4
LF:43
LH:17
end_of_record
SF:lib/ui/widgets/trading_terminal/fundamentals_card.dart
DA:10,0
DA:21,0
DA:23,0
DA:24,0
DA:27,0
DA:28,0
DA:29,0
DA:30,0
DA:31,0
DA:32,0
DA:34,0
DA:35,0
DA:37,0
DA:39,0
DA:40,0
DA:41,0
DA:43,0
DA:44,0
DA:48,0
DA:49,0
DA:50,0
DA:51,0
DA:52,0
DA:53,0
DA:54,0
DA:55,0
DA:57,0
DA:59,0
DA:61,0
DA:65,0
DA:67,0
DA:68,0
DA:69,0
DA:70,0
DA:71,0
DA:72,0
DA:73,0
DA:74,0
DA:75,0
DA:84,0
DA:85,0
DA:86,0
DA:87,0
DA:90,0
DA:95,0
DA:96,0
DA:97,0
DA:98,0
DA:99,0
DA:100,0
DA:102,0
DA:107,0
DA:109,0
DA:110,0
DA:111,0
DA:112,0
DA:113,0
DA:116,0
DA:117,0
DA:118,0
DA:129,0
DA:131,0
DA:132,0
DA:137,0
DA:138,0
DA:142,0
DA:143,0
DA:153,0
DA:161,0
DA:168,0
DA:178,0
DA:180,0
DA:182,0
DA:183,0
DA:184,0
DA:185,0
DA:187,0
DA:189,0
DA:190,0
DA:191,0
DA:192,0
DA:193,0
DA:198,0
DA:199,0
DA:200,0
DA:203,0
LF:86
LH:0
end_of_record
SF:lib/ui/widgets/trading_terminal/lower_tabs.dart
DA:8,1
DA:10,2
DA:12,4
DA:13,6
DA:14,2
DA:15,2
DA:17,2
DA:18,2
DA:19,2
DA:20,2
DA:21,2
DA:24,2
DA:26,2
DA:27,2
DA:28,2
DA:29,2
DA:30,2
DA:31,2
DA:32,6
DA:33,3
DA:34,2
DA:45,2
DA:52,2
DA:66,2
DA:68,2
DA:70,2
DA:71,2
DA:72,2
DA:74,2
DA:75,2
DA:76,2
DA:77,6
DA:83,2
DA:84,2
DA:85,6
DA:86,10
LF:36
LH:36
end_of_record
SF:lib/ui/widgets/trading_terminal/order_book_panel.dart
DA:12,1
DA:21,1
DA:23,4
DA:24,1
DA:25,1
DA:27,1
DA:28,2
DA:30,1
DA:33,1
DA:35,1
DA:41,0
DA:42,0
DA:44,0
DA:46,0
DA:47,0
DA:57,1
DA:71,1
DA:74,3
DA:75,0
DA:76,2
DA:77,2
DA:78,1
DA:79,2
DA:82,4
DA:83,4
DA:84,1
DA:85,3
DA:86,3
DA:87,3
DA:89,1
DA:90,1
DA:91,1
DA:93,1
DA:95,1
DA:96,1
DA:98,4
DA:99,2
DA:103,1
DA:104,3
DA:105,4
DA:106,2
DA:113,1
DA:115,2
DA:116,3
DA:118,1
DA:120,1
DA:123,1
DA:124,1
DA:125,3
DA:126,3
DA:129,1
DA:131,1
DA:132,1
DA:133,1
DA:134,4
DA:137,2
DA:140,1
DA:141,3
DA:142,4
DA:143,2
DA:149,1
DA:151,2
DA:152,3
DA:154,1
DA:162,1
DA:176,1
DA:178,1
DA:179,1
DA:180,1
DA:181,1
DA:183,1
DA:184,1
DA:185,1
DA:186,1
DA:194,1
DA:208,1
DA:210,6
DA:212,1
DA:214,1
DA:215,1
DA:216,1
DA:218,1
DA:220,2
DA:223,1
DA:225,1
DA:226,1
DA:227,3
DA:228,4
DA:229,1
DA:233,1
DA:234,3
DA:235,4
DA:236,3
LF:93
LH:87
end_of_record
SF:lib/ui/widgets/trading_terminal/recent_trades_strip.dart
DA:11,2
DA:15,2
DA:17,8
DA:18,2
DA:19,2
DA:21,2
DA:22,2
DA:23,4
DA:24,2
DA:26,1
DA:28,1
DA:29,1
DA:31,3
DA:32,1
DA:37,1
DA:38,1
DA:39,2
DA:40,1
DA:43,1
DA:44,1
DA:45,3
DA:46,1
DA:51,1
DA:52,1
DA:53,3
DA:54,2
DA:58,1
DA:60,1
DA:61,1
DA:62,4
DA:63,3
DA:64,3
DA:65,1
DA:66,1
DA:70,1
DA:71,3
DA:72,2
DA:74,1
DA:75,3
DA:76,3
DA:77,1
DA:89,2
DA:90,0
LF:43
LH:42
end_of_record
SF:lib/ui/widgets/trading_terminal/signal_gauge.dart
DA:12,0
DA:23,0
DA:25,0
DA:26,0
DA:29,0
DA:30,0
DA:31,0
DA:32,0
DA:33,0
DA:34,0
DA:35,0
DA:36,0
DA:37,0
DA:38,0
DA:40,0
DA:41,0
DA:42,0
DA:44,0
DA:46,0
DA:47,0
DA:48,0
DA:49,0
DA:52,0
DA:59,0
DA:60,0
DA:62,0
DA:63,0
DA:65,0
DA:72,0
DA:73,0
DA:74,0
DA:75,0
DA:79,0
DA:80,0
DA:81,0
DA:82,0
DA:91,0
DA:92,0
DA:94,0
DA:95,0
DA:97,0
DA:98,0
DA:103,0
DA:104,0
DA:105,0
DA:108,0
DA:109,0
DA:110,0
DA:111,0
DA:112,0
DA:116,0
DA:117,0
DA:118,0
DA:120,0
DA:122,0
DA:124,0
DA:126,0
DA:128,0
DA:130,0
DA:132,0
DA:134,0
DA:136,0
DA:138,0
DA:140,0
DA:142,0
DA:144,0
DA:146,0
DA:151,0
DA:152,0
DA:153,0
DA:155,0
DA:157,0
DA:159,0
DA:161,0
DA:163,0
DA:165,0
DA:167,0
DA:169,0
DA:171,0
DA:173,0
DA:175,0
DA:177,0
DA:179,0
DA:181,0
DA:186,0
DA:187,0
DA:188,0
DA:189,0
DA:190,0
DA:191,0
DA:192,0
DA:196,0
DA:197,0
DA:202,0
DA:212,0
DA:214,0
DA:216,0
DA:217,0
DA:218,0
DA:219,0
DA:226,0
DA:236,0
DA:238,0
DA:239,0
DA:240,0
DA:242,0
DA:243,0
DA:244,0
DA:245,0
DA:247,0
DA:248,0
DA:249,0
DA:253,0
DA:257,0
DA:258,0
DA:259,0
DA:260,0
DA:261,0
DA:263,0
DA:264,0
DA:265,0
DA:266,0
DA:269,0
DA:270,0
DA:271,0
DA:272,0
DA:273,0
DA:276,0
DA:279,0
DA:280,0
DA:281,0
DA:282,0
DA:285,0
DA:288,0
DA:292,0
DA:297,0
DA:301,0
DA:303,0
DA:304,0
DA:306,0
DA:308,0
DA:309,0
DA:310,0
DA:311,0
DA:320,0
DA:329,0
DA:339,0
DA:341,0
DA:342,0
DA:343,0
DA:344,0
DA:347,0
DA:348,0
DA:349,0
DA:350,0
DA:352,0
DA:353,0
DA:354,0
DA:355,0
DA:359,0
DA:361,0
DA:362,0
DA:363,0
DA:364,0
DA:365,0
DA:368,0
DA:369,0
DA:370,0
DA:371,0
DA:372,0
DA:377,0
DA:379,0
DA:380,0
DA:382,0
DA:383,0
DA:400,0
DA:407,0
DA:417,0
DA:419,0
DA:420,0
DA:421,0
DA:422,0
DA:425,0
DA:426,0
DA:427,0
DA:428,0
DA:429,0
DA:430,0
DA:431,0
DA:433,0
DA:434,0
DA:435,0
DA:436,0
DA:437,0
DA:438,0
DA:442,0
DA:443,0
DA:444,0
LF:198
LH:0
end_of_record
SF:lib/ui/widgets/trading_terminal/symbol_chip_row.dart
DA:9,6
DA:18,1
DA:25,1
DA:27,2
DA:29,4
DA:30,2
DA:31,2
DA:32,2
DA:34,2
DA:37,2
DA:38,2
DA:39,2
DA:40,2
DA:42,2
DA:43,6
DA:45,12
DA:46,0
DA:48,0
DA:49,0
DA:50,0
DA:51,0
DA:53,0
DA:67,2
DA:81,2
DA:83,2
DA:85,2
DA:86,10
DA:87,2
DA:88,2
DA:89,2
DA:90,2
DA:91,2
DA:93,2
DA:94,2
DA:95,2
DA:96,10
DA:99,2
DA:100,2
DA:101,6
DA:102,10
LF:40
LH:34
end_of_record
SF:lib/ui/widgets/trading_terminal/symbol_header.dart
DA:11,2
DA:22,2
DA:24,2
DA:25,2
DA:26,2
DA:28,4
DA:29,4
DA:31,2
DA:32,2
DA:33,2
DA:34,2
DA:35,2
DA:37,2
DA:39,6
DA:40,2
DA:42,6
DA:43,2
DA:44,2
DA:46,2
DA:48,2
DA:50,2
DA:51,2
DA:54,2
DA:55,2
DA:57,2
DA:58,2
DA:59,2
DA:60,2
DA:61,4
DA:62,6
DA:64,2
DA:68,2
DA:73,2
DA:74,2
DA:75,2
DA:76,4
DA:78,2
DA:80,6
DA:81,2
DA:90,2
DA:91,12
DA:92,6
DA:93,2
DA:99,2
DA:101,2
DA:102,2
DA:103,2
DA:104,6
DA:107,2
DA:111,2
DA:112,8
DA:113,6
DA:123,2
DA:136,2
DA:138,2
DA:143,2
DA:159,2
DA:161,2
DA:162,6
DA:163,6
DA:164,6
DA:165,2
DA:167,4
DA:168,8
DA:172,2
DA:173,2
DA:174,4
DA:175,2
DA:178,2
DA:179,2
DA:180,6
DA:181,2
DA:182,2
DA:187,6
DA:188,4
DA:189,2
DA:191,2
DA:192,2
DA:193,4
DA:194,8
DA:195,4
DA:200,2
DA:201,4
DA:202,8
DA:204,10
DA:219,2
LF:86
LH:86
end_of_record
SF:lib/ui/widgets/trading_terminal/time_frame_selector.dart
DA:9,1
DA:11,2
DA:13,4
DA:14,6
DA:15,2
DA:16,2
DA:17,2
DA:19,2
DA:21,2
DA:22,2
DA:23,2
DA:24,2
DA:26,2
DA:27,2
DA:28,2
DA:29,2
DA:31,2
DA:32,2
DA:33,4
DA:34,2
DA:44,2
DA:45,2
DA:46,2
DA:47,2
DA:48,0
DA:51,2
DA:52,2
DA:55,2
DA:56,2
DA:57,4
DA:59,2
DA:62,2
DA:74,2
DA:88,2
DA:90,2
DA:92,2
DA:93,6
DA:94,2
DA:95,2
DA:96,2
DA:97,2
DA:98,2
DA:100,2
DA:101,2
DA:102,2
DA:103,10
DA:106,2
DA:107,2
DA:108,6
DA:109,10
LF:50
LH:49
end_of_record
SF:lib/ui/widgets/trading_terminal/formatting.dart
DA:4,2
DA:5,2
DA:6,2
DA:8,2
DA:10,2
DA:14,2
DA:18,2
DA:19,2
DA:20,2
DA:21,0
DA:23,2
DA:24,0
DA:26,2
DA:27,6
DA:29,2
DA:33,2
DA:34,2
DA:35,4
DA:38,2
DA:39,10
DA:40,4
DA:41,2
DA:42,2
DA:44,2
DA:46,8
DA:47,4
DA:48,2
DA:49,6
DA:50,2
DA:53,8
DA:55,2
DA:56,2
LF:32
LH:30
end_of_record
SF:lib/ui/screens/orders_history_screen.dart
DA:12,1
DA:14,2
DA:15,2
DA:161,2
DA:163,2
DA:164,2
DA:166,2
DA:167,2
DA:168,2
DA:170,2
DA:172,2
DA:174,6
DA:176,2
DA:178,4
DA:186,2
DA:187,2
DA:188,8
DA:189,4
DA:190,2
DA:191,2
DA:192,4
DA:194,2
DA:197,2
DA:198,2
DA:199,2
DA:200,2
DA:205,2
DA:206,4
DA:207,10
DA:209,8
DA:210,2
DA:222,2
DA:223,2
DA:224,4
DA:225,2
DA:226,2
DA:231,2
DA:232,2
DA:233,4
DA:234,2
DA:235,8
DA:239,1
DA:240,1
DA:241,1
DA:242,2
DA:243,1
DA:244,2
DA:246,1
DA:247,2
DA:248,1
DA:250,1
DA:251,3
DA:256,1
DA:257,1
DA:258,1
DA:259,2
DA:260,1
DA:261,2
DA:263,1
DA:264,2
DA:265,1
DA:267,1
DA:268,3
LF:63
LH:63
end_of_record
SF:lib/domain/entities/order.dart
DA:6,1
DA:28,6
LF:2
LH:2
end_of_record
SF:lib/domain/entities/position.dart
DA:6,1
DA:28,3
LF:2
LH:2
end_of_record
SF:lib/ui/widgets/orders/history_order_tile.dart
DA:9,1
DA:13,1
DA:15,1
DA:16,1
DA:17,4
DA:18,2
DA:19,2
DA:20,2
DA:21,3
DA:23,1
DA:25,1
DA:26,1
DA:27,1
DA:28,2
DA:33,1
DA:34,1
DA:36,1
DA:37,1
DA:38,2
DA:39,3
DA:44,1
DA:45,7
DA:46,3
DA:47,1
DA:54,1
DA:56,1
DA:57,1
DA:58,2
DA:59,3
DA:65,1
DA:66,5
DA:67,3
DA:79,1
DA:80,0
DA:81,2
DA:82,3
DA:83,0
LF:37
LH:35
end_of_record
SF:lib/ui/widgets/orders/order_list_tile.dart
DA:9,2
DA:13,2
DA:15,2
DA:16,2
DA:17,8
DA:18,4
DA:19,4
DA:20,4
DA:22,2
DA:24,2
DA:25,4
DA:26,2
DA:27,4
DA:29,2
DA:31,2
DA:32,2
DA:33,2
DA:34,2
DA:35,4
DA:40,2
DA:41,4
DA:42,6
DA:47,2
DA:48,2
DA:49,10
DA:50,6
DA:51,2
DA:56,2
DA:57,0
DA:58,2
DA:63,2
DA:65,6
DA:66,2
DA:74,2
DA:76,2
DA:77,2
DA:78,6
DA:79,6
DA:80,2
DA:84,2
DA:85,10
DA:86,6
DA:87,2
LF:43
LH:42
end_of_record
SF:lib/ui/widgets/orders/position_list_tile.dart
DA:9,1
DA:13,1
DA:15,1
DA:16,1
DA:17,4
DA:18,2
DA:19,2
DA:20,2
DA:21,4
DA:22,1
DA:23,1
DA:25,1
DA:27,1
DA:28,1
DA:29,1
DA:32,1
DA:33,2
DA:34,1
DA:37,1
DA:38,2
DA:39,3
DA:40,2
DA:47,1
DA:48,1
DA:50,1
DA:51,1
DA:52,1
DA:53,1
DA:54,2
DA:55,3
DA:60,1
DA:61,2
DA:68,1
DA:69,5
DA:70,3
DA:71,1
DA:78,1
DA:80,1
DA:81,1
DA:82,2
DA:83,3
DA:89,1
DA:90,2
DA:91,3
DA:104,1
DA:105,2
DA:106,1
LF:47
LH:47
end_of_record
SF:lib/ui/widgets/orders/status_badge.dart
DA:5,2
DA:16,2
DA:18,2
DA:20,2
DA:21,2
DA:22,2
DA:24,2
DA:25,2
DA:26,8
DA:27,2
LF:10
LH:10
end_of_record
SF:lib/ui/screens/options_chain_screen.dart
DA:10,2
DA:14,2
DA:15,2
DA:23,2
DA:25,2
DA:26,2
DA:28,2
DA:29,2
DA:31,2
DA:32,2
DA:33,2
DA:34,2
DA:35,2
DA:37,2
DA:39,2
DA:40,2
DA:42,2
DA:44,2
DA:45,1
DA:46,2
DA:47,1
DA:54,2
DA:55,2
DA:56,4
DA:57,2
DA:58,4
DA:60,2
DA:61,0
DA:63,0
DA:64,0
DA:66,0
DA:67,0
DA:72,2
DA:73,2
DA:74,2
DA:75,2
DA:76,6
DA:77,2
DA:78,2
DA:79,6
DA:86,2
DA:87,4
DA:89,6
DA:90,2
DA:101,2
DA:102,6
DA:105,2
DA:110,2
DA:111,6
DA:112,6
DA:115,4
DA:116,2
DA:117,4
DA:118,6
DA:119,2
DA:120,6
DA:122,8
DA:123,2
DA:124,4
DA:125,2
DA:127,8
DA:128,2
DA:129,4
DA:130,2
DA:131,6
DA:133,2
DA:136,2
DA:139,4
DA:140,2
DA:143,4
DA:145,2
DA:149,2
DA:150,2
DA:151,2
DA:152,2
DA:153,6
LF:76
LH:71
end_of_record
SF:lib/ui/widgets/options_chain/chain_column_headers.dart
DA:6,1
DA:8,2
DA:10,2
DA:11,2
DA:12,6
DA:14,2
DA:15,2
DA:20,2
DA:21,2
DA:22,2
DA:24,2
DA:25,2
DA:26,2
DA:27,2
DA:29,4
DA:32,2
DA:33,2
DA:39,2
DA:40,2
DA:43,4
DA:49,2
DA:51,2
DA:52,2
DA:53,4
DA:54,4
DA:55,2
DA:57,2
DA:64,4
DA:65,2
DA:67,2
DA:73,2
DA:75,2
LF:32
LH:32
end_of_record
SF:lib/ui/widgets/options_chain/expiry_selector.dart
DA:6,2
DA:17,2
DA:19,2
DA:20,2
DA:22,2
DA:24,2
DA:26,2
DA:27,2
DA:28,8
DA:29,2
DA:31,2
DA:32,4
DA:33,4
DA:36,3
DA:47,2
DA:61,2
DA:63,2
DA:64,8
DA:65,4
DA:66,2
DA:67,6
DA:68,6
DA:69,2
DA:70,8
DA:71,4
DA:73,2
DA:74,2
DA:75,2
DA:77,2
DA:79,2
DA:80,2
DA:82,2
DA:83,2
DA:84,8
LF:34
LH:34
end_of_record
SF:lib/ui/widgets/options_chain/options_header.dart
DA:6,2
DA:10,2
DA:12,2
DA:13,2
DA:15,2
DA:17,2
DA:18,2
DA:19,2
DA:20,2
DA:21,2
DA:23,6
DA:26,4
DA:30,2
DA:32,2
DA:33,2
DA:34,2
DA:35,4
DA:37,2
DA:39,6
DA:42,2
DA:43,2
DA:50,2
DA:52,2
DA:53,2
DA:55,6
DA:57,2
DA:58,2
DA:61,2
DA:62,4
DA:63,6
DA:77,2
DA:78,2
DA:79,2
DA:80,2
DA:81,6
LF:35
LH:35
end_of_record
SF:lib/ui/widgets/options_chain/strike_row.dart
DA:6,2
DA:32,2
DA:37,2
DA:39,2
DA:40,2
DA:41,4
DA:42,6
DA:43,4
DA:44,4
DA:45,4
DA:46,4
DA:47,6
DA:53,2
DA:55,2
DA:57,2
DA:59,6
DA:61,2
DA:62,2
DA:63,2
DA:65,2
DA:66,8
DA:67,4
DA:70,2
DA:72,2
DA:73,6
DA:74,4
DA:77,2
DA:79,2
DA:80,6
DA:82,2
DA:83,4
DA:88,2
DA:90,2
DA:91,6
DA:93,2
DA:99,2
DA:101,2
DA:102,6
DA:103,2
DA:104,4
DA:109,2
DA:111,2
DA:112,6
DA:114,4
DA:117,2
DA:119,2
DA:120,8
DA:122,4
DA:130,2
DA:131,2
DA:132,2
DA:133,2
DA:134,6
LF:53
LH:53
end_of_record
SF:lib/ui/screens/markets_screen.dart
DA:10,1
DA:12,2
DA:13,2
DA:19,2
DA:21,4
DA:22,2
DA:25,2
DA:27,2
DA:28,2
DA:29,6
DA:31,2
DA:32,2
DA:33,2
DA:34,2
DA:36,2
DA:38,2
DA:39,2
DA:42,2
DA:43,4
DA:44,2
DA:45,4
DA:47,2
DA:48,2
DA:49,4
DA:51,2
DA:52,2
DA:54,2
DA:55,2
DA:57,6
DA:59,2
DA:65,6
DA:68,1
DA:69,1
DA:70,3
DA:71,1
DA:82,2
DA:84,2
DA:86,2
DA:87,2
DA:89,6
DA:91,2
DA:92,2
DA:96,2
DA:98,6
DA:100,2
DA:101,2
DA:108,2
DA:109,2
DA:110,2
DA:111,4
DA:112,2
DA:113,4
DA:115,2
DA:116,1
DA:117,1
DA:119,3
DA:120,1
DA:124,2
DA:125,2
DA:126,2
DA:127,2
DA:128,2
DA:129,4
LF:63
LH:63
end_of_record
SF:lib/presentation/providers/market_screener_provider.dart
DA:18,2
DA:37,8
DA:39,8
DA:41,8
DA:42,2
DA:45,8
DA:48,8
DA:49,4
DA:50,4
DA:52,4
DA:53,5
DA:55,2
DA:56,3
DA:57,3
DA:58,4
DA:60,2
DA:63,6
DA:64,2
DA:83,2
DA:89,2
DA:92,2
DA:101,2
DA:120,2
DA:126,2
DA:139,2
DA:158,2
DA:164,2
DA:177,2
DA:186,2
DA:192,2
LF:30
LH:30
end_of_record
SF:lib/ui/widgets/markets/filter_chips.dart
DA:8,1
DA:18,2
DA:20,2
DA:21,2
DA:22,4
DA:24,2
DA:26,2
DA:27,2
DA:28,2
DA:29,2
DA:31,2
DA:33,2
DA:36,1
DA:37,4
DA:49,2
DA:63,2
DA:65,12
DA:66,2
DA:67,6
DA:68,6
DA:69,2
DA:70,6
DA:71,4
DA:73,2
DA:74,2
DA:75,2
DA:77,2
DA:79,2
DA:80,2
DA:82,2
DA:83,2
DA:84,8
LF:32
LH:32
end_of_record
SF:lib/ui/widgets/markets/market_list_tile.dart
DA:9,3
DA:13,3
DA:15,3
DA:16,3
DA:17,9
DA:18,3
DA:19,2
DA:20,9
DA:22,3
DA:23,2
DA:24,3
DA:26,3
DA:27,9
DA:29,3
DA:30,3
DA:31,3
DA:33,3
DA:36,3
DA:37,3
DA:38,6
DA:39,9
DA:41,6
DA:42,6
DA:46,3
DA:47,12
DA:48,9
DA:51,3
DA:52,3
DA:58,3
DA:59,3
DA:62,3
DA:63,3
DA:64,6
DA:67,9
DA:69,6
DA:73,3
DA:74,9
DA:75,9
DA:77,3
DA:83,3
DA:86,9
DA:89,3
DA:91,3
DA:94,3
DA:95,3
DA:96,9
DA:97,9
DA:100,6
DA:106,3
DA:107,12
DA:108,9
DA:124,3
DA:125,3
DA:126,3
DA:127,3
DA:128,2
DA:129,3
DA:130,2
DA:132,1
DA:135,3
DA:136,3
DA:139,1
DA:140,3
DA:141,4
DA:143,4
LF:65
LH:65
end_of_record
SF:lib/ui/widgets/markets/sparkline_chart.dart
DA:7,3
DA:11,3
DA:13,6
DA:14,12
DA:15,12
DA:16,6
DA:18,6
DA:19,6
DA:20,3
DA:21,5
DA:23,3
DA:24,24
DA:27,3
DA:28,3
DA:30,12
DA:31,3
DA:32,3
DA:35,3
DA:37,3
DA:38,3
DA:44,3
DA:46,3
LF:22
LH:22
end_of_record
SF:lib/ui/screens/settings_screen.dart
DA:10,1
DA:19,2
DA:21,2
DA:22,2
DA:24,2
DA:25,2
DA:26,2
DA:28,2
DA:30,2
DA:32,2
DA:34,6
DA:37,4
DA:50,2
DA:51,2
DA:52,4
DA:53,6
DA:54,2
DA:55,2
LF:18
LH:18
end_of_record
SF:lib/ui/widgets/settings/connected_exchanges_section.dart
DA:7,1
DA:11,2
DA:13,2
DA:14,2
DA:16,2
DA:18,2
DA:19,8
DA:20,2
DA:21,4
DA:22,8
DA:23,2
DA:31,2
DA:41,2
DA:43,2
DA:44,2
DA:46,2
DA:48,2
DA:49,2
DA:51,6
DA:53,2
DA:54,2
DA:55,2
DA:58,2
DA:59,2
DA:61,2
DA:62,6
DA:67,2
DA:68,2
DA:69,2
DA:70,6
DA:76,2
DA:78,6
DA:79,2
DA:80,2
LF:34
LH:34
end_of_record
SF:lib/ui/widgets/settings/security_section.dart
DA:10,1
DA:12,2
DA:14,2
DA:16,2
DA:17,2
DA:20,2
DA:22,3
DA:25,2
DA:28,5
DA:34,1
DA:35,1
LF:11
LH:11
end_of_record
SF:lib/ui/widgets/settings/settings_section.dart
DA:6,2
DA:15,2
DA:17,2
DA:18,2
DA:20,2
DA:22,2
DA:23,2
DA:24,2
DA:25,6
DA:26,2
DA:27,2
DA:31,2
DA:32,2
DA:33,4
DA:34,4
DA:35,2
DA:37,4
LF:17
LH:17
end_of_record
SF:lib/ui/widgets/settings/theme_toggle.dart
DA:10,1
DA:12,2
DA:14,4
DA:15,4
DA:17,2
DA:19,2
DA:20,1
DA:21,4
DA:22,2
DA:29,1
DA:31,2
DA:33,2
DA:34,2
DA:35,4
DA:36,4
DA:40,2
DA:43,2
DA:44,1
DA:45,4
DA:46,6
LF:20
LH:20
end_of_record
SF:lib/ui/widgets/settings/settings_tile.dart
DA:6,2
DA:19,2
DA:21,2
DA:22,2
DA:24,2
DA:25,2
DA:26,2
DA:28,2
DA:29,2
DA:31,6
DA:33,2
DA:35,2
DA:36,2
DA:37,2
DA:38,6
DA:43,2
LF:16
LH:16
end_of_record
SF:lib/ui/widgets/common/demo_mode_banner.dart
DA:7,1
DA:9,2
DA:11,4
DA:15,1
DA:16,3
DA:17,1
DA:19,1
DA:21,1
DA:23,1
DA:24,1
DA:27,3
DA:30,1
DA:32,4
DA:33,3
LF:14
LH:14
end_of_record
SF:lib/ui/screens/exchange_management_screen.dart
DA:12,1
DA:14,1
DA:16,1
DA:21,1
DA:23,1
DA:24,3
DA:25,5
DA:29,1
DA:31,1
DA:32,1
DA:33,3
DA:35,1
DA:36,1
DA:37,1
DA:38,1
DA:40,1
DA:42,1
DA:43,1
DA:45,3
DA:46,1
DA:51,1
DA:53,1
DA:56,1
DA:61,2
DA:62,1
DA:66,0
DA:67,0
DA:68,0
DA:69,0
DA:70,0
DA:71,0
DA:84,0
DA:89,0
DA:90,0
DA:92,0
DA:93,0
DA:95,0
DA:97,0
DA:98,0
DA:99,0
DA:100,0
DA:105,0
DA:106,0
DA:107,0
DA:116,1
DA:121,1
DA:122,1
DA:123,1
DA:124,1
DA:125,1
DA:127,4
DA:128,1
DA:129,1
DA:131,1
DA:135,2
DA:141,1
DA:142,3
DA:143,1
DA:144,2
DA:151,1
DA:163,1
DA:165,1
DA:166,1
DA:168,1
DA:169,1
DA:170,1
DA:171,1
DA:172,1
DA:174,1
DA:175,1
DA:176,2
DA:178,1
DA:179,1
DA:181,1
DA:182,1
DA:183,2
DA:184,3
DA:189,1
DA:190,1
DA:191,3
DA:192,1
DA:198,1
DA:200,1
DA:201,1
DA:204,1
DA:206,3
DA:207,1
DA:208,1
DA:209,1
DA:210,2
DA:218,1
DA:219,1
DA:220,3
DA:221,3
DA:226,2
DA:238,1
DA:242,1
DA:243,1
DA:244,2
DA:245,2
DA:246,2
DA:247,2
DA:248,2
DA:252,1
DA:253,1
DA:254,1
DA:255,1
DA:256,1
DA:257,1
DA:258,1
DA:262,1
DA:263,1
DA:264,1
DA:265,1
DA:266,1
DA:267,1
DA:268,1
DA:272,1
DA:274,1
DA:276,1
DA:279,1
DA:280,1
DA:281,1
DA:284,1
DA:285,1
DA:286,3
DA:287,1
LF:127
LH:108
end_of_record
SF:lib/presentation/routing/app_router.dart
DA:23,3
DA:24,3
DA:26,4
DA:27,3
DA:28,2
DA:29,2
DA:31,1
DA:32,1
DA:35,1
DA:36,1
DA:37,2
DA:38,1
DA:39,1
DA:41,2
DA:42,1
DA:45,1
DA:48,1
DA:50,1
DA:51,1
DA:54,3
DA:55,1
DA:61,1
DA:62,1
DA:64,1
DA:67,1
DA:68,1
DA:69,1
DA:71,1
DA:72,1
DA:73,1
DA:74,1
DA:76,1
DA:80,1
DA:81,1
DA:82,1
DA:83,1
DA:85,1
DA:86,1
DA:87,1
DA:89,1
DA:90,2
DA:91,1
DA:93,1
DA:94,1
DA:96,0
DA:97,0
DA:98,0
DA:99,0
DA:104,1
DA:106,1
DA:108,1
DA:110,1
DA:111,2
DA:112,1
DA:119,1
DA:120,1
DA:121,1
DA:123,1
DA:124,3
DA:125,1
DA:130,1
DA:131,1
DA:132,1
DA:134,1
DA:138,1
DA:139,1
DA:140,1
DA:142,1
DA:143,1
DA:144,1
DA:146,0
DA:159,0
DA:160,0
DA:161,0
DA:162,0
DA:167,1
DA:168,4
DA:173,0
DA:175,0
DA:176,0
DA:181,1
DA:183,1
DA:184,1
DA:188,1
DA:190,1
DA:191,3
DA:192,1
DA:193,2
DA:198,1
LF:89
LH:77
end_of_record
SF:lib/ui/widgets/common/scaffold_with_nav_bar.dart
DA:7,1
DA:11,1
DA:12,2
DA:14,3
DA:18,1
DA:20,1
DA:21,1
DA:22,1
DA:24,2
DA:27,1
DA:28,2
DA:29,1
LF:12
LH:12
end_of_record
