SF:lib/core/failures.dart
DA:2,3
DA:8,3
DA:15,1
DA:22,1
DA:27,1
DA:28,3
DA:32,0
LF:7
LH:6
end_of_record
SF:lib/core/result.dart
DA:4,6
DA:22,6
DA:26,5
DA:30,10
DA:32,1
DA:33,3
DA:35,1
DA:36,2
DA:38,1
DA:42,2
DA:44,1
DA:47,1
DA:48,3
DA:49,3
DA:51,0
DA:52,0
DA:54,0
DA:55,0
DA:59,3
DA:63,0
DA:67,0
DA:69,1
DA:70,2
DA:72,1
DA:73,2
DA:75,1
DA:79,2
DA:81,1
DA:84,1
DA:85,3
DA:86,3
DA:88,0
DA:89,0
DA:91,0
DA:92,0
LF:35
LH:25
end_of_record
SF:lib/domain/entities/ticker.dart
DA:4,8
DA:24,8
DA:26,2
DA:29,2
DA:30,6
DA:31,6
DA:32,6
DA:33,6
DA:34,6
DA:35,6
DA:36,6
DA:37,6
DA:39,0
DA:40,0
DA:41,0
DA:42,0
DA:43,0
DA:44,0
DA:45,0
DA:46,0
DA:47,0
DA:48,0
DA:51,0
DA:52,0
LF:24
LH:12
end_of_record
SF:lib/domain/entities/symbol.dart
DA:4,9
DA:10,18
DA:11,18
DA:12,18
DA:13,18
DA:14,18
DA:15,18
DA:16,9
DA:20,0
DA:24,9
DA:36,16
DA:38,5
DA:41,1
DA:42,3
DA:43,3
DA:44,3
DA:45,0
DA:47,0
DA:48,0
DA:50,0
DA:51,0
LF:21
LH:15
end_of_record
SF:lib/data/datasources/mock/mock_market_data_store.dart
DA:11,4
DA:15,2
DA:16,8
DA:17,4
DA:20,2
DA:21,12
DA:24,2
DA:25,4
DA:26,2
DA:27,2
DA:28,2
DA:33,10
DA:34,8
DA:35,8
DA:36,4
DA:40,2
DA:46,2
DA:47,2
DA:49,4
DA:50,6
DA:52,2
DA:53,2
DA:54,10
DA:55,10
DA:56,2
DA:57,10
DA:58,10
DA:60,2
DA:61,2
DA:66,8
DA:67,8
DA:71,4
DA:74,2
DA:76,4
DA:77,2
DA:78,2
DA:79,4
DA:80,2
DA:81,2
DA:82,8
DA:83,8
DA:86,2
DA:87,2
DA:88,8
DA:89,8
DA:93,6
DA:96,1
DA:98,1
DA:99,1
DA:100,2
DA:101,2
DA:102,1
DA:103,1
DA:104,1
DA:105,4
DA:106,2
DA:107,2
DA:108,1
DA:115,2
DA:117,2
DA:118,2
DA:122,0
DA:124,0
DA:125,0
DA:129,0
DA:131,0
DA:132,0
LF:67
LH:61
end_of_record
SF:lib/domain/entities/candle.dart
DA:2,5
DA:18,0
DA:20,0
DA:22,0
DA:24,0
DA:27,0
DA:28,0
DA:29,0
DA:30,0
DA:31,0
DA:32,0
DA:33,0
DA:35,0
DA:36,0
DA:38,0
DA:40,0
LF:16
LH:1
end_of_record
SF:lib/domain/entities/order_book.dart
DA:2,7
DA:7,0
DA:9,0
DA:12,0
DA:14,0
DA:15,0
DA:17,0
DA:18,0
DA:22,7
DA:32,6
DA:34,6
DA:36,1
DA:37,1
DA:38,1
DA:40,1
DA:43,0
DA:46,0
DA:47,0
DA:48,0
DA:49,0
DA:51,0
DA:52,0
DA:54,0
DA:56,0
LF:24
LH:8
end_of_record
SF:lib/domain/entities/trade.dart
DA:4,6
DA:18,0
DA:20,1
DA:23,1
DA:24,3
DA:25,3
DA:26,3
DA:27,3
DA:28,3
DA:30,0
DA:31,0
DA:33,0
DA:34,0
LF:13
LH:8
end_of_record
SF:lib/data/datasources/remote/bybit/bybit_websocket_client.dart
DA:16,1
DA:19,0
DA:23,0
DA:25,0
DA:28,1
DA:29,2
DA:31,1
DA:32,2
DA:37,1
DA:39,2
DA:40,1
DA:41,3
DA:42,3
DA:44,1
DA:45,1
DA:46,2
DA:47,0
DA:48,0
DA:49,0
DA:50,0
DA:55,1
DA:57,2
DA:58,1
DA:59,3
DA:60,3
DA:62,1
DA:63,1
DA:64,2
DA:65,0
DA:66,0
DA:67,0
DA:68,0
DA:73,1
DA:75,2
DA:76,1
DA:77,3
DA:78,3
DA:80,1
DA:81,1
DA:82,1
DA:83,4
DA:85,0
DA:86,0
DA:87,0
DA:88,0
DA:93,1
DA:94,1
DA:96,2
DA:97,2
DA:98,2
DA:99,1
DA:101,0
DA:102,2
DA:103,2
DA:104,2
DA:108,1
DA:109,1
DA:110,3
DA:111,1
DA:112,1
DA:113,3
DA:114,1
DA:115,3
DA:118,1
DA:119,1
DA:120,2
DA:121,2
DA:125,1
DA:126,1
DA:127,1
DA:128,2
DA:129,2
DA:130,2
DA:131,1
DA:132,1
DA:135,2
LF:76
LH:60
end_of_record
SF:lib/main.dart
DA:3,0
DA:4,0
DA:8,1
DA:10,1
LF:4
LH:2
end_of_record
SF:lib/data/datasources/local/app_database.g.dart
DA:11,1
DA:16,2
DA:18,1
DA:27,2
DA:29,1
DA:36,2
DA:38,1
DA:45,2
DA:47,1
DA:56,2
DA:58,1
DA:67,2
DA:69,1
DA:76,2
DA:78,1
DA:87,2
DA:89,1
DA:94,1
DA:95,1
DA:96,1
DA:97,1
DA:98,1
DA:99,1
DA:100,1
DA:101,1
DA:102,1
DA:103,1
DA:105,1
DA:106,2
DA:107,1
DA:110,1
DA:115,1
DA:116,1
DA:117,1
DA:118,1
DA:120,3
DA:123,0
DA:125,1
DA:126,1
DA:128,3
DA:131,0
DA:133,1
DA:134,1
DA:136,3
DA:139,0
DA:141,1
DA:142,1
DA:144,3
DA:147,0
DA:149,1
DA:150,1
DA:152,3
DA:155,0
DA:157,1
DA:158,1
DA:160,2
DA:161,1
DA:166,0
DA:168,1
DA:169,1
DA:171,3
DA:174,0
DA:176,1
DA:177,1
DA:179,3
DA:182,0
DA:187,1
DA:188,1
DA:189,1
DA:191,0
DA:192,1
DA:193,3
DA:195,2
DA:197,3
DA:199,2
DA:201,3
DA:203,2
DA:205,3
DA:207,2
DA:209,3
DA:211,2
DA:213,3
DA:215,2
DA:217,3
DA:219,2
DA:221,3
DA:223,2
DA:228,1
DA:230,2
DA:243,1
DA:253,0
DA:255,0
DA:256,0
DA:257,0
DA:258,0
DA:259,0
DA:260,0
DA:261,0
DA:262,0
DA:263,0
DA:267,0
DA:268,0
DA:269,0
DA:270,0
DA:271,0
DA:272,0
DA:273,0
DA:274,0
DA:275,0
DA:276,0
DA:280,0
DA:284,0
DA:285,0
DA:286,0
DA:287,0
DA:288,0
DA:289,0
DA:290,0
DA:291,0
DA:292,0
DA:293,0
DA:296,0
DA:298,0
DA:299,0
DA:300,0
DA:301,0
DA:302,0
DA:303,0
DA:304,0
DA:305,0
DA:306,0
DA:307,0
DA:311,0
DA:320,0
DA:321,0
DA:322,0
DA:323,0
DA:324,0
DA:325,0
DA:326,0
DA:327,0
DA:328,0
DA:330,0
DA:331,0
DA:332,0
DA:333,0
DA:334,0
DA:335,0
DA:336,0
DA:337,0
DA:338,0
DA:339,0
DA:340,0
DA:341,0
DA:345,0
DA:347,0
DA:348,0
DA:349,0
DA:350,0
DA:351,0
DA:352,0
DA:353,0
DA:354,0
DA:355,0
DA:356,0
DA:357,0
DA:360,0
DA:361,0
DA:362,0
DA:363,0
DA:364,0
DA:365,0
DA:366,0
DA:367,0
DA:368,0
DA:369,0
DA:371,0
DA:374,0
DA:375,0
DA:376,0
DA:377,0
DA:378,0
DA:379,0
DA:380,0
DA:381,0
DA:382,0
DA:395,0
DA:406,1
DA:416,1
DA:417,1
DA:418,1
DA:419,1
DA:420,1
DA:421,1
DA:422,1
DA:423,1
DA:424,0
DA:435,0
DA:436,0
DA:437,0
DA:438,0
DA:439,0
DA:440,0
DA:441,0
DA:442,0
DA:443,0
DA:444,0
DA:448,0
DA:459,0
DA:460,0
DA:461,0
DA:462,0
DA:463,0
DA:464,0
DA:465,0
DA:466,0
DA:467,0
DA:468,0
DA:472,1
DA:474,1
DA:475,2
DA:476,4
DA:478,2
DA:479,4
DA:481,2
DA:482,4
DA:484,2
DA:485,4
DA:487,2
DA:488,4
DA:490,2
DA:491,4
DA:493,2
DA:494,4
DA:496,2
DA:497,4
DA:499,2
DA:500,0
DA:505,0
DA:507,0
DA:508,0
DA:509,0
DA:510,0
DA:511,0
DA:512,0
DA:513,0
DA:514,0
DA:515,0
DA:516,0
DA:517,0
DA:518,0
DA:527,1
DA:532,2
DA:534,1
DA:543,2
DA:545,1
DA:552,2
DA:554,1
DA:561,2
DA:563,1
DA:570,2
DA:572,1
DA:579,2
DA:581,1
DA:588,2
DA:590,1
DA:599,2
DA:601,1
DA:606,1
DA:607,1
DA:608,1
DA:609,1
DA:610,1
DA:611,1
DA:612,1
DA:613,1
DA:614,1
DA:615,1
DA:617,1
DA:618,2
DA:619,1
DA:622,1
DA:627,1
DA:628,1
DA:629,1
DA:630,1
DA:632,3
DA:635,0
DA:637,1
DA:638,1
DA:640,2
DA:641,1
DA:646,0
DA:648,1
DA:649,1
DA:651,3
DA:654,0
DA:656,1
DA:657,1
DA:659,3
DA:662,0
DA:664,1
DA:665,1
DA:667,3
DA:670,0
DA:672,1
DA:673,1
DA:675,3
DA:678,0
DA:680,1
DA:681,1
DA:683,3
DA:686,0
DA:688,1
DA:689,1
DA:691,3
DA:694,0
DA:699,1
DA:700,3
DA:701,1
DA:703,0
DA:704,1
DA:705,3
DA:707,2
DA:709,3
DA:711,2
DA:713,3
DA:715,2
DA:717,3
DA:719,2
DA:721,3
DA:723,2
DA:725,3
DA:727,2
DA:729,3
DA:731,2
DA:733,3
DA:735,2
DA:740,1
DA:742,2
DA:755,1
DA:765,0
DA:767,0
DA:768,0
DA:769,0
DA:770,0
DA:771,0
DA:772,0
DA:773,0
DA:774,0
DA:775,0
DA:779,0
DA:780,0
DA:781,0
DA:782,0
DA:783,0
DA:784,0
DA:785,0
DA:786,0
DA:787,0
DA:788,0
DA:792,0
DA:796,0
DA:797,0
DA:798,0
DA:799,0
DA:800,0
DA:801,0
DA:802,0
DA:803,0
DA:804,0
DA:805,0
DA:808,0
DA:810,0
DA:811,0
DA:812,0
DA:813,0
DA:814,0
DA:815,0
DA:816,0
DA:817,0
DA:818,0
DA:819,0
DA:823,0
DA:832,0
DA:833,0
DA:834,0
DA:835,0
DA:836,0
DA:837,0
DA:838,0
DA:839,0
DA:840,0
DA:842,0
DA:843,0
DA:844,0
DA:845,0
DA:846,0
DA:847,0
DA:848,0
DA:849,0
DA:850,0
DA:851,0
DA:852,0
DA:853,0
DA:857,0
DA:859,0
DA:860,0
DA:861,0
DA:862,0
DA:863,0
DA:864,0
DA:865,0
DA:866,0
DA:867,0
DA:868,0
DA:869,0
DA:872,0
DA:873,0
DA:874,0
DA:875,0
DA:876,0
DA:877,0
DA:878,0
DA:879,0
DA:880,0
DA:881,0
DA:883,0
DA:886,0
DA:887,0
DA:888,0
DA:889,0
DA:890,0
DA:891,0
DA:892,0
DA:893,0
DA:894,0
DA:907,0
DA:918,1
DA:928,1
DA:929,1
DA:930,1
DA:931,1
DA:932,1
DA:933,1
DA:934,1
DA:935,1
DA:936,0
DA:947,0
DA:948,0
DA:949,0
DA:950,0
DA:951,0
DA:952,0
DA:953,0
DA:954,0
DA:955,0
DA:956,0
DA:960,0
DA:971,0
DA:972,0
DA:973,0
DA:974,0
DA:975,0
DA:976,0
DA:977,0
DA:978,0
DA:979,0
DA:980,0
DA:984,1
DA:986,1
DA:987,2
DA:988,4
DA:990,2
DA:991,4
DA:993,2
DA:994,4
DA:996,2
DA:997,4
DA:999,2
DA:1000,4
DA:1002,2
DA:1003,4
DA:1005,2
DA:1006,4
DA:1008,2
DA:1009,4
DA:1011,2
DA:1012,0
DA:1017,0
DA:1019,0
DA:1020,0
DA:1021,0
DA:1022,0
DA:1023,0
DA:1024,0
DA:1025,0
DA:1026,0
DA:1027,0
DA:1028,0
DA:1029,0
DA:1030,0
DA:1039,1
DA:1044,2
DA:1046,1
DA:1055,2
DA:1057,1
DA:1066,2
DA:1068,1
DA:1077,2
DA:1079,1
DA:1084,1
DA:1085,1
DA:1086,1
DA:1087,1
DA:1088,1
DA:1089,1
DA:1091,1
DA:1092,2
DA:1093,1
DA:1096,1
DA:1101,1
DA:1102,1
DA:1103,1
DA:1104,1
DA:1106,3
DA:1109,0
DA:1111,1
DA:1112,1
DA:1114,3
DA:1117,0
DA:1119,1
DA:1120,1
DA:1122,3
DA:1125,0
DA:1127,1
DA:1128,1
DA:1130,3
DA:1133,0
DA:1138,1
DA:1139,1
DA:1140,1
DA:1142,0
DA:1143,1
DA:1144,3
DA:1146,2
DA:1148,3
DA:1150,2
DA:1152,3
DA:1154,2
DA:1156,3
DA:1158,2
DA:1163,1
DA:1165,2
DA:1174,1
DA:1180,0
DA:1182,0
DA:1183,0
DA:1184,0
DA:1185,0
DA:1186,0
DA:1190,0
DA:1191,0
DA:1192,0
DA:1193,0
DA:1194,0
DA:1195,0
DA:1199,0
DA:1203,0
DA:1204,0
DA:1205,0
DA:1206,0
DA:1207,0
DA:1208,0
DA:1211,0
DA:1213,0
DA:1214,0
DA:1215,0
DA:1216,0
DA:1217,0
DA:1218,0
DA:1222,0
DA:1227,0
DA:1228,0
DA:1229,0
DA:1230,0
DA:1231,0
DA:1233,0
DA:1234,0
DA:1235,0
DA:1236,0
DA:1237,0
DA:1238,0
DA:1242,0
DA:1244,0
DA:1245,0
DA:1246,0
DA:1247,0
DA:1248,0
DA:1249,0
DA:1250,0
DA:1253,0
DA:1254,0
DA:1255,0
DA:1258,0
DA:1259,0
DA:1260,0
DA:1261,0
DA:1262,0
DA:1271,0
DA:1278,1
DA:1284,1
DA:1285,1
DA:1286,1
DA:1287,1
DA:1288,0
DA:1295,0
DA:1296,0
DA:1297,0
DA:1298,0
DA:1299,0
DA:1300,0
DA:1304,0
DA:1311,0
DA:1312,0
DA:1313,0
DA:1314,0
DA:1315,0
DA:1316,0
DA:1320,1
DA:1322,1
DA:1323,2
DA:1324,4
DA:1326,2
DA:1327,4
DA:1329,2
DA:1330,4
DA:1332,2
DA:1333,4
DA:1335,2
DA:1336,0
DA:1341,0
DA:1343,0
DA:1344,0
DA:1345,0
DA:1346,0
DA:1347,0
DA:1348,0
DA:1349,0
DA:1350,0
DA:1359,1
DA:1364,2
DA:1366,1
DA:1375,2
DA:1377,1
DA:1386,2
DA:1388,1
DA:1393,1
DA:1394,4
DA:1395,1
DA:1396,2
DA:1397,1
DA:1400,1
DA:1405,1
DA:1406,1
DA:1407,1
DA:1408,1
DA:1410,3
DA:1413,0
DA:1415,1
DA:1416,1
DA:1418,3
DA:1421,0
DA:1423,1
DA:1424,1
DA:1426,3
DA:1429,0
DA:1434,1
DA:1435,1
DA:1436,1
DA:1438,0
DA:1439,1
DA:1440,3
DA:1442,2
DA:1444,3
DA:1446,2
DA:1448,3
DA:1450,2
DA:1455,1
DA:1457,2
DA:1465,1
DA:1470,0
DA:1472,0
DA:1473,0
DA:1474,0
DA:1475,0
DA:1479,0
DA:1480,0
DA:1481,0
DA:1482,0
DA:1483,0
DA:1487,0
DA:1491,0
DA:1492,0
DA:1493,0
DA:1494,0
DA:1495,0
DA:1498,0
DA:1500,0
DA:1501,0
DA:1502,0
DA:1503,0
DA:1504,0
DA:1508,0
DA:1512,0
DA:1513,0
DA:1514,0
DA:1515,0
DA:1517,0
DA:1518,0
DA:1519,0
DA:1520,0
DA:1521,0
DA:1522,0
DA:1523,0
DA:1527,0
DA:1529,0
DA:1530,0
DA:1531,0
DA:1532,0
DA:1533,0
DA:1534,0
DA:1537,0
DA:1538,0
DA:1539,0
DA:1542,0
DA:1543,0
DA:1544,0
DA:1545,0
DA:1553,0
DA:1559,1
DA:1564,1
DA:1565,1
DA:1566,1
DA:1567,0
DA:1573,0
DA:1574,0
DA:1575,0
DA:1576,0
DA:1577,0
DA:1581,0
DA:1587,0
DA:1588,0
DA:1589,0
DA:1590,0
DA:1591,0
DA:1595,1
DA:1597,1
DA:1598,2
DA:1599,4
DA:1601,2
DA:1602,4
DA:1604,2
DA:1605,4
DA:1607,2
DA:1608,0
DA:1613,0
DA:1615,0
DA:1616,0
DA:1617,0
DA:1618,0
DA:1619,0
DA:1620,0
DA:1621,0
DA:1626,2
DA:1627,0
DA:1628,2
DA:1629,2
DA:1630,2
DA:1633,2
DA:1634,0
DA:1636,0
DA:1637,1
DA:1638,1
DA:1639,1
DA:1640,1
DA:1641,1
DA:1642,1
DA:1673,0
DA:1680,0
DA:1681,0
DA:1682,0
DA:1685,0
DA:1686,0
DA:1687,0
DA:1690,0
DA:1691,0
DA:1692,0
DA:1695,0
DA:1696,0
DA:1697,0
DA:1700,0
DA:1701,0
DA:1702,0
DA:1705,0
DA:1706,0
DA:1707,0
DA:1710,0
DA:1711,0
DA:1712,0
DA:1715,0
DA:1716,0
DA:1717,0
DA:1723,0
DA:1730,0
DA:1731,0
DA:1732,0
DA:1735,0
DA:1736,0
DA:1737,0
DA:1740,0
DA:1741,0
DA:1742,0
DA:1745,0
DA:1746,0
DA:1747,0
DA:1750,0
DA:1751,0
DA:1752,0
DA:1755,0
DA:1756,0
DA:1757,0
DA:1760,0
DA:1761,0
DA:1762,0
DA:1765,0
DA:1766,0
DA:1767,0
DA:1773,0
DA:1780,0
DA:1781,0
DA:1783,0
DA:1784,0
DA:1786,0
DA:1787,0
DA:1789,0
DA:1790,0
DA:1792,0
DA:1793,0
DA:1795,0
DA:1796,0
DA:1797,0
DA:1800,0
DA:1801,0
DA:1803,0
DA:1804,0
DA:1825,0
DA:1826,0
DA:1827,0
DA:1830,0
DA:1831,0
DA:1832,0
DA:1833,0
DA:1834,0
DA:1835,0
DA:1837,0
DA:1847,0
DA:1859,0
DA:1869,0
DA:1880,0
DA:1881,0
DA:1882,0
DA:1932,0
DA:1939,0
DA:1940,0
DA:1941,0
DA:1944,0
DA:1945,0
DA:1946,0
DA:1949,0
DA:1950,0
DA:1951,0
DA:1954,0
DA:1955,0
DA:1956,0
DA:1959,0
DA:1960,0
DA:1961,0
DA:1964,0
DA:1965,0
DA:1966,0
DA:1969,0
DA:1970,0
DA:1971,0
DA:1974,0
DA:1975,0
DA:1976,0
DA:1982,0
DA:1989,0
DA:1990,0
DA:1991,0
DA:1994,0
DA:1995,0
DA:1996,0
DA:1999,0
DA:2000,0
DA:2001,0
DA:2004,0
DA:2005,0
DA:2006,0
DA:2009,0
DA:2010,0
DA:2011,0
DA:2014,0
DA:2015,0
DA:2016,0
DA:2019,0
DA:2020,0
DA:2021,0
DA:2024,0
DA:2025,0
DA:2026,0
DA:2032,0
DA:2039,0
DA:2040,0
DA:2042,0
DA:2043,0
DA:2044,0
DA:2047,0
DA:2048,0
DA:2050,0
DA:2051,0
DA:2053,0
DA:2054,0
DA:2056,0
DA:2057,0
DA:2059,0
DA:2060,0
DA:2062,0
DA:2063,0
DA:2084,0
DA:2085,0
DA:2086,0
DA:2089,0
DA:2090,0
DA:2091,0
DA:2092,0
DA:2093,0
DA:2094,0
DA:2096,0
DA:2106,0
DA:2118,0
DA:2128,0
DA:2139,0
DA:2140,0
DA:2141,0
DA:2183,0
DA:2190,0
DA:2191,0
DA:2192,0
DA:2195,0
DA:2196,0
DA:2197,0
DA:2200,0
DA:2201,0
DA:2202,0
DA:2205,0
DA:2206,0
DA:2207,0
DA:2213,0
DA:2220,0
DA:2221,0
DA:2222,0
DA:2225,0
DA:2226,0
DA:2227,0
DA:2230,0
DA:2231,0
DA:2232,0
DA:2235,0
DA:2236,0
DA:2237,0
DA:2243,0
DA:2250,0
DA:2251,0
DA:2253,0
DA:2254,0
DA:2256,0
DA:2257,0
DA:2259,0
DA:2260,0
DA:2285,0
DA:2288,0
DA:2289,0
DA:2292,0
DA:2293,0
DA:2294,0
DA:2295,0
DA:2296,0
DA:2297,0
DA:2299,0
DA:2305,0
DA:2313,0
DA:2319,0
DA:2326,0
DA:2327,0
DA:2328,0
DA:2368,0
DA:2375,0
DA:2376,0
DA:2377,0
DA:2380,0
DA:2381,0
DA:2382,0
DA:2385,0
DA:2386,0
DA:2387,0
DA:2393,0
DA:2400,0
DA:2401,0
DA:2402,0
DA:2405,0
DA:2406,0
DA:2407,0
DA:2410,0
DA:2411,0
DA:2412,0
DA:2418,0
DA:2425,0
DA:2426,0
DA:2428,0
DA:2429,0
DA:2430,0
DA:2433,0
DA:2434,0
DA:2455,0
DA:2456,0
DA:2457,0
DA:2460,0
DA:2461,0
DA:2462,0
DA:2463,0
DA:2464,0
DA:2465,0
DA:2467,0
DA:2472,0
DA:2479,0
DA:2484,0
DA:2490,0
DA:2491,0
DA:2492,0
DA:2518,0
DA:2519,0
DA:2520,0
DA:2521,0
DA:2522,0
DA:2523,0
DA:2524,0
DA:2525,0
DA:2526,0
LF:1060
LH:343
end_of_record
SF:lib/data/datasources/local/app_database.dart
DA:16,1
DA:17,1
DA:19,1
DA:23,0
DA:24,0
DA:25,0
DA:26,0
DA:27,0
LF:8
LH:3
end_of_record
SF:lib/data/datasources/local/market_cache_data_source.dart
DA:14,1
DA:18,1
DA:19,3
DA:20,1
DA:21,2
DA:22,1
DA:23,1
DA:24,1
DA:25,1
DA:26,1
DA:27,1
DA:28,1
DA:33,1
DA:35,3
DA:36,5
DA:37,1
DA:39,1
DA:41,1
DA:42,1
DA:43,1
DA:44,1
DA:45,1
DA:46,1
DA:47,1
DA:51,1
DA:56,3
DA:57,1
DA:58,2
DA:60,1
DA:61,2
DA:62,1
DA:63,1
DA:64,1
DA:65,1
DA:66,1
DA:67,1
DA:68,1
DA:69,1
DA:72,1
DA:77,1
DA:82,3
DA:83,1
DA:84,1
DA:85,4
DA:86,3
DA:88,2
DA:89,3
DA:92,0
DA:94,1
DA:96,1
DA:97,2
DA:98,1
DA:99,1
DA:100,1
DA:101,1
DA:102,1
DA:103,1
DA:106,1
DA:109,1
DA:110,1
DA:111,5
DA:112,1
DA:113,1
DA:114,5
DA:115,1
DA:116,3
DA:117,1
DA:118,1
DA:119,1
DA:120,1
DA:121,1
DA:126,1
DA:128,3
DA:129,5
DA:130,1
DA:132,1
DA:133,2
DA:134,2
DA:135,1
DA:139,1
DA:141,1
DA:142,2
DA:143,1
DA:144,1
DA:145,2
DA:146,2
DA:147,1
DA:150,1
DA:151,3
DA:152,1
DA:153,1
DA:154,1
DA:155,2
DA:160,1
DA:162,3
DA:163,5
DA:164,1
DA:166,2
DA:167,3
DA:170,1
DA:171,1
DA:173,1
DA:174,2
DA:175,2
DA:176,2
DA:179,1
DA:182,1
DA:184,1
DA:185,2
DA:186,2
DA:187,2
DA:188,2
DA:189,1
LF:113
LH:112
end_of_record
SF:lib/data/datasources/local/market_cache_tables.dart
DA:4,0
DA:5,0
DA:6,0
DA:7,0
DA:8,0
DA:9,0
DA:10,0
DA:11,0
DA:13,0
DA:14,0
DA:18,0
DA:19,0
DA:20,0
DA:21,0
DA:22,0
DA:23,0
DA:24,0
DA:25,0
DA:27,0
DA:28,0
DA:32,0
DA:33,0
DA:34,0
DA:35,0
DA:37,0
DA:38,0
DA:42,0
DA:43,0
DA:44,0
DA:46,0
DA:47,0
LF:31
LH:0
end_of_record
SF:lib/data/datasources/remote/bybit/bybit_rest_client.dart
DA:20,1
DA:21,0
DA:27,1
DA:28,4
DA:30,1
DA:33,2
DA:34,2
DA:36,1
DA:39,2
DA:40,4
DA:42,2
DA:43,1
DA:44,1
DA:45,1
DA:46,2
DA:47,0
DA:48,0
DA:49,0
DA:50,0
DA:54,1
DA:61,2
DA:62,2
DA:63,1
DA:64,2
DA:65,2
DA:66,2
DA:69,2
DA:70,0
DA:72,2
DA:73,1
DA:74,1
DA:75,1
DA:76,4
DA:78,0
DA:79,0
DA:80,0
DA:81,0
DA:85,1
DA:91,2
DA:92,2
DA:93,1
DA:94,2
DA:95,2
DA:98,2
DA:99,0
DA:101,2
DA:102,1
DA:103,2
DA:104,0
DA:105,0
DA:106,0
DA:107,0
DA:111,1
DA:117,2
DA:118,2
DA:119,1
DA:120,2
DA:121,2
DA:124,2
DA:125,0
DA:127,2
DA:128,1
DA:129,1
DA:130,1
DA:131,4
DA:133,0
DA:134,0
DA:135,0
DA:136,0
DA:140,1
DA:141,1
DA:143,2
DA:144,2
DA:145,2
DA:146,1
DA:148,0
DA:149,2
DA:150,2
DA:151,2
DA:155,1
DA:156,1
DA:157,2
DA:158,2
DA:159,2
DA:160,2
DA:161,2
DA:162,1
DA:163,2
DA:169,1
DA:170,1
DA:171,3
DA:172,1
DA:173,1
DA:174,3
DA:175,1
DA:176,3
DA:179,1
DA:180,1
DA:181,2
DA:182,2
DA:186,1
DA:187,1
DA:188,1
DA:189,2
DA:190,2
DA:191,2
DA:192,1
DA:193,2
DA:196,2
DA:200,1
DA:202,1
DA:203,1
DA:204,1
DA:205,1
DA:206,1
DA:207,0
DA:208,0
LF:117
LH:94
end_of_record
SF:lib/data/datasources/remote/binance/binance_rest_client.dart
DA:20,1
DA:21,0
DA:27,1
DA:28,4
DA:30,1
DA:33,2
DA:34,3
DA:36,2
DA:37,4
DA:39,2
DA:40,2
DA:41,0
DA:42,0
DA:43,0
DA:44,0
DA:48,1
DA:55,2
DA:56,2
DA:57,2
DA:58,2
DA:59,2
DA:62,2
DA:63,0
DA:65,2
DA:66,1
DA:67,4
DA:69,0
DA:70,0
DA:71,0
DA:72,0
DA:76,1
DA:82,2
DA:83,2
DA:84,2
DA:85,2
DA:88,2
DA:89,0
DA:91,2
DA:92,2
DA:93,0
DA:94,0
DA:95,0
DA:96,0
DA:100,1
DA:106,2
DA:107,2
DA:108,2
DA:109,2
DA:112,2
DA:113,0
DA:115,2
DA:116,1
DA:117,4
DA:119,0
DA:120,0
DA:121,0
DA:122,0
DA:126,1
DA:127,1
DA:129,2
DA:130,2
DA:131,2
DA:132,2
DA:134,3
DA:135,2
DA:136,1
DA:137,1
DA:143,1
DA:144,1
DA:145,2
DA:146,2
DA:147,2
DA:148,2
DA:149,2
DA:150,1
DA:151,1
DA:157,1
DA:158,1
DA:159,3
DA:160,1
DA:161,1
DA:162,3
DA:163,1
DA:164,3
DA:167,1
DA:168,1
DA:169,2
DA:170,2
DA:174,1
DA:175,1
DA:176,2
DA:177,2
DA:178,1
DA:179,1
DA:180,1
DA:183,2
DA:187,1
DA:188,1
LF:98
LH:78
end_of_record
SF:lib/data/datasources/remote/binance/binance_websocket_client.dart
DA:16,1
DA:17,0
DA:21,0
DA:22,0
DA:23,0
DA:24,0
DA:26,0
DA:30,1
DA:31,3
DA:33,1
DA:35,3
DA:36,1
DA:37,1
DA:39,1
DA:40,2
DA:41,0
DA:42,0
DA:43,0
DA:44,0
DA:49,1
DA:51,5
DA:53,1
DA:54,2
DA:55,0
DA:56,0
DA:57,0
DA:58,0
DA:63,1
DA:65,5
DA:67,1
DA:68,3
DA:69,0
DA:70,0
DA:71,0
DA:72,0
DA:77,1
DA:78,1
DA:80,2
DA:81,2
DA:82,2
DA:83,2
DA:84,3
DA:85,2
DA:86,1
DA:87,1
DA:93,1
DA:94,1
DA:95,3
DA:96,1
DA:97,1
DA:98,3
DA:99,1
DA:100,3
DA:103,1
DA:104,1
DA:105,2
DA:106,2
DA:110,1
DA:111,1
DA:112,2
DA:113,2
DA:114,1
DA:115,1
DA:116,1
DA:119,2
LF:65
LH:47
end_of_record
SF:lib/data/repositories/market_data_repository_impl.dart
DA:14,1
DA:17,1
DA:22,1
DA:24,3
DA:26,1
DA:27,0
DA:30,3
DA:31,0
DA:32,0
DA:36,1
DA:42,3
DA:44,1
DA:45,0
DA:48,1
DA:49,2
DA:51,0
DA:52,0
DA:56,1
DA:61,3
DA:63,1
DA:64,0
DA:67,3
DA:68,0
DA:69,0
DA:73,0
DA:78,0
DA:80,0
DA:81,0
DA:84,0
DA:85,0
DA:86,0
DA:90,1
DA:92,3
DA:94,1
DA:95,0
DA:98,4
DA:99,1
DA:103,0
DA:105,0
DA:107,0
DA:108,0
DA:111,0
DA:112,0
DA:116,0
DA:118,0
DA:120,0
DA:121,0
DA:124,0
DA:125,0
LF:49
LH:20
end_of_record
SF:lib/domain/registry/exchange_capability.dart
DA:14,1
DA:22,1
DA:23,2
DA:25,0
DA:28,0
DA:29,0
DA:30,0
DA:32,0
DA:33,0
DA:35,0
DA:37,0
LF:11
LH:3
end_of_record
